00:45:48 01/23/2024		name:yashpal singh	email:yashpal@gmail.com	 msg:yashpal singh your account created successfully
01:06:09 01/23/2024		name:yashpal singh	email:yashpal@gmail.com	 msg:login
01:06:37 01/23/2024		name:yashpal singh	email:yashpal8@gmail.com	 msg:new account
13:02:08 01/23/2024		name:yashpal singh	email:yashpal@gmail.com	 msg:login
13:02:14 01/23/2024		name:yashpal singh	email:yashpal@gmail.com	 msg:login
13:02:15 01/23/2024		name:yashpal singh	email:yashpal@gmail.com	 msg:login
13:02:16 01/23/2024		name:yashpal singh	email:yashpal@gmail.com	 msg:login
13:02:17 01/23/2024		name:yashpal singh	email:yashpal@gmail.com	 msg:login
13:02:18 01/23/2024		name:yashpal singh	email:yashpal@gmail.com	 msg:login
13:02:18 01/23/2024		name:yashpal singh	email:yashpal@gmail.com	 msg:login
13:02:19 01/23/2024		name:yashpal singh	email:yashpal@gmail.com	 msg:login
13:04:02 01/23/2024		name:yashpal singh	email:yashpal@gmail.com	 msg:login
13:04:24 01/23/2024		name:yashpal singh	email:yashpal@gmail.com	 msg:login
13:05:15 01/23/2024		name:yashpal singh	email:yashpal@gmail.com	 msg:login
13:05:16 01/23/2024		name:yashpal singh	email:yashpal@gmail.com	 msg:login
13:05:25 01/23/2024		name:yashpal singh	email:yashpal@gmail.com	 msg:login
13:10:08 01/23/2024		name:yashpal singh	email:yashpal@gmail.com	 msg:login
14:03:38 01/23/2024		name:yashpal singh	email:yashpal@gmail.com	 msg:login
14:35:00 01/23/2024		name:yashpal singh	email:yashpal@gmail.com	 msg:login
23:13:00 01/23/2024		name:yashpal singh	email:yashpal@gmail.com	 msg:login
23:23:53 01/23/2024		name:yashpal singh	email:yashpal@gmail.com	 msg:login
23:28:23 01/23/2024		name:yashpal singh	email:yashpal@gmail.com	 msg:login
13:48:37 01/24/2024		name:yashpal singh	email:yashpal@gmail.com	 msg:login
13:49:43 01/24/2024		name:yashpal singh	email:yashpal@gmail.com	 msg:login
18:36:47 01/24/2024		name:yashpal singh	email:yashpal@gmail.com	 msg:login
18:36:49 01/24/2024		name:yashpal singh	email:yashpal@gmail.com	 msg:login
18:36:50 01/24/2024		name:yashpal singh	email:yashpal@gmail.com	 msg:login
18:37:33 01/24/2024		name:yashpal singh	email:yashpal@gmail.com	 msg:login
18:38:06 01/24/2024		name:yashpal singh	email:yashpal@gmail.com	 msg:login
18:38:45 01/24/2024		name:yashpal singh	email:yashpal@gmail.com	 msg:login
22:46:59 01/24/2024		name:yashpal singh	email:yashpal@gmail.com	 msg:login
22:47:01 01/24/2024		name:yashpal singh	email:yashpal@gmail.com	 msg:login
22:51:08 01/24/2024		name:pappa ji	email:papa@gmail.com	 msg:new account
23:04:59 01/24/2024		name:pappa ji	email:papa@gmail.com	 msg:login
19:00:06 01/28/2024		name:pappa ji	email:papa@gmail.com	 msg:login
19:07:51 01/28/2024		name:yuvraj ji	email:yuvraj@gmail.com	 msg:new account
19:08:13 01/28/2024		name:yuvraj ji	email:yuvraj@gmail.com	 msg:login
19:22:35 01/28/2024		name:yuvraj ji	email:yuvraj@gmail.com	 msg:new account
19:22:44 01/28/2024		name:yuvraj ji	email:yuvraj@gmail.com	 msg:login
19:47:34 01/28/2024		name:pappa ji	email:papa@gmail.com	 msg:login
01:02:04 01/29/2024		name:yuvraj ji	email:yuvraj@gmail.com	 msg:new account
01:02:15 01/29/2024		name:papa ji	email:papa@gmail.com	 msg:new account
01:02:29 01/29/2024		name:papa ji	email:papa@gmail.com	 msg:login
01:04:59 01/29/2024		name:yuvraj ji	email:yuvraj@gmail.com	 msg:login
01:32:17 01/29/2024		name:papa ji	email:papa@gmail.com	 msg:new account
01:32:31 01/29/2024		name:yuvraj ji	email:yuvraj@gmail.com	 msg:new account
01:32:57 01/29/2024		name:yuvraj ji	email:yuvraj@gmail.com	 msg:login
01:36:58 01/29/2024		name:papa ji	email:papa@gmail.com	 msg:login
01:40:50 01/29/2024		name:yuvraj ji	email:yuvraj@gmail.com	 msg:login
23:49:07 01/30/2024		name:yuvraj ji	email:yuvraj@gmail.com	 msg:login
01:55:16 01/31/2024		name:yuvraj ji	email:yuvraj@gmail.com	 msg:login
22:06:20 01/31/2024		name:yuvraj ji	email:yuvraj@gmail.com	 msg:login
22:07:48 01/31/2024		name:yuvraj ji	email:yuvraj@gmail.com	 msg:login
22:10:30 01/31/2024		name:yuvraj ji	email:yuvraj@gmail.com	 msg:login
22:10:55 01/31/2024		name:yuvraj ji	email:yuvraj0@gmail.com	 msg:new account
22:18:31 01/31/2024		name:yuvraj ji	email:yuvraj@gmail.com	 msg:login
22:25:02 01/31/2024		name:yuvraj ji	email:yuvraj@gmail.com	 msg:login
22:32:38 01/31/2024		name:yuvraj ji	email:yuvraj@gmail.com	 msg:login
22:34:09 01/31/2024		name:nidhi ji	email:nidhi@gmail.com	 msg:new account
11:18:41 02/01/2024		name:yuvraj ji	email:yuvraj@gmail.com	 msg:login
13:18:33 02/01/2024		name:papa ji	email:papa@gmail.com	 msg:login
21:58:27 02/01/2024		name:papa ji	email:papa@gmail.com	 msg:login
22:08:28 02/01/2024		name:yuvraj ji	email:yuvraj@gmail.com	 msg:login
22:09:58 02/01/2024		name:yuvraj ji	email:yuvraj@gmail.com	 msg:login
22:10:10 02/01/2024		name:yuvraj ji	email:yuvraj@gmail.com	 msg:login
22:21:41 02/01/2024		name:yuvraj ji	email:yuvraj@gmail.com	 msg:login
23:07:46 02/03/2024		name:yuvraj ji	email:yuvraj@gmail.com	 msg:login
23:42:49 02/03/2024		name:yuvraj ji	email:yuvraj@gmail.com	 msg:login
23:43:40 02/03/2024		name:yuvraj ji	email:yuvraj@gmail.com	 msg:login
17:45:05 02/04/2024		name:yuvraj ji	email:yuvraj@gmail.com	 msg:login
21:59:17 02/04/2024		name:yuvraj ji	email:yuvraj@gmail.com	 msg:login
21:59:18 02/04/2024		name:yuvraj ji	email:yuvraj@gmail.com	 msg:login
22:00:54 02/04/2024		name:yuvraj ji	email:yuvraj@gmail.com	 msg:login
22:00:55 02/04/2024		name:yuvraj ji	email:yuvraj@gmail.com	 msg:login
22:06:58 02/04/2024		name:yuvraj ji	email:yuvraj@gmail.com	 msg:login
22:08:16 02/04/2024		name:yuvraj ji	email:yuvraj@gmail.com	 msg:login
22:28:28 02/04/2024		name:yuvraj ji	email:yuvraj@gmail.com	 msg:login
22:32:34 02/04/2024		name:yuvraj ji	email:yuvraj@gmail.com	 msg:login
22:32:39 02/04/2024		name:yuvraj ji	email:yuvraj@gmail.com	 msg:login
22:33:05 02/04/2024		name:yuvraj ji	email:yuvraj@gmail.com	 msg:login
22:36:57 02/04/2024		name:yuvraj ji	email:yuvraj@gmail.com	 msg:login
23:06:44 02/04/2024		name:yuvraj ji	email:yuvraj@gmail.com	 msg:login
23:07:42 02/04/2024		name:yuvraj ji	email:yuvraj@gmail.com	 msg:login
23:07:43 02/04/2024		name:yuvraj ji	email:yuvraj@gmail.com	 msg:login
23:08:21 02/04/2024		name:yuvraj ji	email:yuvraj@gmail.com	 msg:login
00:54:42 02/05/2024		name:yuvraj ji	email:yuvraj@gmail.com	 msg:login
00:55:11 02/05/2024		name:yuvraj ji	email:yuvraj@gmail.com	 msg:login
11:30:09 02/05/2024		name:yuvraj ji	email:yuvraj@gmail.com	 msg:login
11:31:49 02/05/2024		name:yuvraj ji	email:yuvraj@gmail.com	 msg:login
16:30:37 02/05/2024		name:yuvraj ji	email:yuvraj@gmail.com	 msg:login
16:31:35 02/05/2024		name:yuvraj ji	email:yuvraj@gmail.com	 msg:login
16:31:35 02/05/2024		name:yuvraj ji	email:yuvraj@gmail.com	 msg:login
00:05:04 02/06/2024		name:yuvraj ji	email:yuvraj@gmail.com	 msg:login
00:05:19 02/06/2024		name:yuvraj ji	email:yuvraj@gmail.com	 msg:login
00:05:20 02/06/2024		name:yuvraj ji	email:yuvraj@gmail.com	 msg:login
00:06:49 02/06/2024		name:yuvraj ji	email:yuvraj@gmail.com	 msg:login
00:07:58 02/06/2024		name:yuvraj ji	email:yuvraj@gmail.com	 msg:login
00:08:01 02/06/2024		name:yuvraj ji	email:yuvraj@gmail.com	 msg:login
00:08:21 02/06/2024		name:yuvraj ji	email:yuvraj@gmail.com	 msg:login
00:20:48 02/06/2024		name:yuvraj ji	email:yuvraj@gmail.com	 msg:login
00:23:03 02/06/2024		name:yuvraj ji	email:yuvraj@gmail.com	 msg:login
00:23:47 02/06/2024		name:yuvraj ji	email:yuvraj@gmail.com	 msg:login
00:24:16 02/06/2024		name:yuvraj ji	email:yuvraj@gmail.com	 msg:login
13:00:13 02/06/2024		name:yuvraj ji	email:yuvraj@gmail.com	 msg:login
13:01:15 02/06/2024		name:yuvraj ji	email:yuvraj@gmail.com	 msg:login
13:01:16 02/06/2024		name:yuvraj ji	email:yuvraj@gmail.com	 msg:login
13:01:17 02/06/2024		name:yuvraj ji	email:yuvraj@gmail.com	 msg:login
13:03:16 02/06/2024		name:yuvraj ji	email:yuvraj@gmail.com	 msg:login
13:03:17 02/06/2024		name:yuvraj ji	email:yuvraj@gmail.com	 msg:login
13:10:52 02/06/2024		name:yuvraj ji	email:yuvraj@gmail.com	 msg:login
13:10:56 02/06/2024		name:yuvraj ji	email:yuvraj@gmail.com	 msg:login
13:10:58 02/06/2024		name:yuvraj ji	email:yuvraj@gmail.com	 msg:login
13:11:01 02/06/2024		name:yuvraj ji	email:yuvraj@gmail.com	 msg:login
13:11:10 02/06/2024		name:yuvraj ji	email:yuvraj@gmail.com	 msg:login
13:11:11 02/06/2024		name:yuvraj ji	email:yuvraj@gmail.com	 msg:login
13:11:12 02/06/2024		name:yuvraj ji	email:yuvraj@gmail.com	 msg:login
14:15:54 02/06/2024		name:yuvraj ji	email:yuvraj@gmail.com	 msg:login
14:16:07 02/06/2024		name:yuvraj ji	email:yuvraj@gmail.com	 msg:login
14:17:19 02/06/2024		name:yuvraj ji	email:yuvraj@gmail.com	 msg:login
14:17:29 02/06/2024		name:yuvraj ji	email:yuvraj@gmail.com	 msg:login
14:18:44 02/06/2024		name:yuvraj ji	email:yuvraj@gmail.com	 msg:login
14:19:50 02/06/2024		name:yuvraj ji	email:yuvraj@gmail.com	 msg:login
14:22:57 02/06/2024		name:yuvraj ji	email:yuvraj@gmail.com	 msg:login
14:22:58 02/06/2024		name:yuvraj ji	email:yuvraj@gmail.com	 msg:login
14:23:53 02/06/2024		name:yuvraj ji	email:yuvraj@gmail.com	 msg:login
14:24:05 02/06/2024		name:yuvraj ji	email:yuvraj@gmail.com	 msg:login
14:25:47 02/06/2024		name:yuvraj ji	email:yuvraj@gmail.com	 msg:login
14:27:44 02/06/2024		name:yuvraj ji	email:yuvraj@gmail.com	 msg:login
14:28:00 02/06/2024		name:yuvraj ji	email:yuvraj@gmail.com	 msg:login
14:30:53 02/06/2024		name:yuvraj ji	email:yuvraj@gmail.com	 msg:login
14:30:55 02/06/2024		name:yuvraj ji	email:yuvraj@gmail.com	 msg:login
14:30:56 02/06/2024		name:yuvraj ji	email:yuvraj@gmail.com	 msg:login
14:30:57 02/06/2024		name:yuvraj ji	email:yuvraj@gmail.com	 msg:login
14:30:57 02/06/2024		name:yuvraj ji	email:yuvraj@gmail.com	 msg:login
14:30:58 02/06/2024		name:yuvraj ji	email:yuvraj@gmail.com	 msg:login
14:30:58 02/06/2024		name:yuvraj ji	email:yuvraj@gmail.com	 msg:login
14:30:58 02/06/2024		name:yuvraj ji	email:yuvraj@gmail.com	 msg:login
14:30:58 02/06/2024		name:yuvraj ji	email:yuvraj@gmail.com	 msg:login
14:30:59 02/06/2024		name:yuvraj ji	email:yuvraj@gmail.com	 msg:login
14:30:59 02/06/2024		name:yuvraj ji	email:yuvraj@gmail.com	 msg:login
14:30:59 02/06/2024		name:yuvraj ji	email:yuvraj@gmail.com	 msg:login
14:31:00 02/06/2024		name:yuvraj ji	email:yuvraj@gmail.com	 msg:login
14:31:00 02/06/2024		name:yuvraj ji	email:yuvraj@gmail.com	 msg:login
14:31:00 02/06/2024		name:yuvraj ji	email:yuvraj@gmail.com	 msg:login
14:31:02 02/06/2024		name:yuvraj ji	email:yuvraj@gmail.com	 msg:login
14:31:03 02/06/2024		name:yuvraj ji	email:yuvraj@gmail.com	 msg:login
14:31:05 02/06/2024		name:yuvraj ji	email:yuvraj@gmail.com	 msg:login
21:36:36 02/06/2024		name:yuvraj ji	email:yuvraj@gmail.com	 msg:login
21:42:38 02/06/2024		name:yuvraj ji	email:yuvraj@gmail.com	 msg:login
22:02:01 02/06/2024		name:yuvraj ji	email:yuvraj@gmail.com	 msg:login
22:11:09 02/06/2024		name:yuvraj ji	email:yuvraj@gmail.com	 msg:login
21:52:58 02/07/2024		name:yuvraj ji	email:yuvraj@gmail.com	 msg:login
21:56:48 02/07/2024		name:yuvraj ji	email:yuvraj@gmail.com	 msg:login
21:58:09 02/07/2024		name:yuvraj ji	email:yuvraj@gmail.com	 msg:login
21:58:23 02/07/2024		name:yuvraj ji	email:yuvraj@gmail.com	 msg:login
22:00:09 02/07/2024		name:yuvraj ji	email:yuvraj@gmail.com	 msg:login
22:00:36 02/07/2024		name:yuvraj ji	email:yuvraj@gmail.com	 msg:login
22:01:22 02/07/2024		name:yuvraj ji	email:yuvraj@gmail.com	 msg:login
22:02:16 02/07/2024		name:yuvraj ji	email:yuvraj@gmail.com	 msg:login
22:02:17 02/07/2024		name:yuvraj ji	email:yuvraj@gmail.com	 msg:login
22:05:35 02/07/2024		name:yuvraj ji	email:yuvraj@gmail.com	 msg:login
22:19:57 02/07/2024		name:yuvraj ji	email:yuvraj@gmail.com	 msg:login
22:20:03 02/07/2024		name:yuvraj ji	email:yuvraj@gmail.com	 msg:login
22:20:21 02/07/2024		name:yuvraj ji	email:yuvraj@gmail.com	 msg:login
22:20:30 02/07/2024		name:yuvraj ji	email:yuvraj@gmail.com	 msg:login
22:21:02 02/07/2024		name:yuvraj ji	email:yuvraj@gmail.com	 msg:login
22:23:43 02/07/2024		name:yuvraj ji	email:yuvraj@gmail.com	 msg:login
23:44:11 02/07/2024		name:yash	email:yashpal@gmail.com	 msg:new account
23:44:17 02/07/2024		name:yash	email:yashpal@gmail.com	 msg:login
00:24:56 02/08/2024		name:yash	email:yashpal@gmail.comfsg	 msg:new account
00:25:06 02/08/2024		name:yash	email:yashpal@gmail.com	 msg:login
00:41:35 02/08/2024		name:yash	email:yashpal@gmail.com	 msg:login
21:54:21 02/08/2024		name:yash	email:yashpal@gmail.com	 msg:login
21:59:20 02/08/2024		name:yash	email:yashpal@gmail.com	 msg:login
23:13:58 02/08/2024		name:yash	email:yashpal@gmail.com	 msg:login
23:14:54 02/08/2024		name:yash	email:yashpal@gmail.com	 msg:login
23:15:18 02/08/2024		name:yash	email:yashpal@gmail.com	 msg:login
23:16:39 02/08/2024		name:yash	email:yashpal@gmail.com	 msg:login
23:16:49 02/08/2024		name:yash	email:yashpal@gmail.com	 msg:login
23:26:18 02/08/2024		name:yash	email:yashpal@gmail.com	 msg:login
23:30:36 02/08/2024		name:yash	email:yashpal@gmail.com	 msg:login
23:30:56 02/08/2024		name:yash	email:yashpal@gmail.com	 msg:login
23:35:03 02/08/2024		name:yash	email:yashpal@gmail.com	 msg:login
23:39:15 02/08/2024		name:yash	email:yashpal@gmail.com	 msg:login
23:41:24 02/08/2024		name:yash	email:yashpal@gmail.com	 msg:login
00:21:31 02/09/2024		name:yash	email:yashpal@gmail.com	 msg:login
00:30:06 02/09/2024		name:yash	email:yashpal@gmail.com	 msg:login
00:31:15 02/09/2024		name:rock	email:rock@gmail.com	 msg:new account
00:32:00 02/09/2024		name:rock	email:therock@gmail.com	 msg:new account
00:32:11 02/09/2024		name:rock	email:therock@gmail.com	 msg:login
00:40:10 02/09/2024		name:rock	email:therock@gmail.com	 msg:login
00:41:42 02/09/2024		name:rock	email:therock@gmail.com	 msg:login
01:21:15 02/09/2024		name:Yashpal	email:therock@gmail.com	 msg:new account
01:21:17 02/09/2024		name:Yashpal	email:therock@gmail.com	 msg:login
01:25:41 02/09/2024		name:Yashpal	email:therock@gmail.com	 msg:login
01:33:22 02/09/2024		name:Yashpal	email:therock@gmail.com	 msg:login
01:34:59 02/09/2024		name:Yashpal	email:therock@gmail.com	 msg:login
01:36:15 02/09/2024		name:Yashpal	email:therock@gmail.com	 msg:login
01:54:38 02/09/2024		name:Yashpal	email:therock@gmail.com	 msg:login
02:03:47 02/09/2024		name:papa	email:papa@gmail.com	 msg:new account
02:03:54 02/09/2024		name:papa	email:papa@gmail.com	 msg:login
09:46:28 02/09/2024		name:papa	email:papa@gmail.com	 msg:login
10:58:45 02/09/2024		name:papa	email:papa@gmail.com	 msg:login
11:01:27 02/09/2024		name:papa	email:papa@gmail.com	 msg:login
11:03:52 02/09/2024		name:papa	email:papa@gmail.com	 msg:login
11:12:48 02/09/2024		name:papa	email:papa@gmail.com	 msg:login
11:12:51 02/09/2024		name:papa	email:papa@gmail.com	 msg:login
11:13:25 02/09/2024		name:papa	email:papa@gmail.com	 msg:login
11:31:09 02/09/2024		name:papa	email:papa@gmail.com	 msg:login
11:34:35 02/09/2024		name:papa	email:papa@gmail.com	 msg:login
13:13:10 02/09/2024		name:papa	email:papa@gmail.com	 msg:login
13:14:20 02/09/2024		name:papa	email:papa@gmail.com	 msg:login
13:16:39 02/09/2024		name:papa	email:papa@gmail.com	 msg:login
13:18:54 02/09/2024		name:papa	email:papa@gmail.com	 msg:login
13:21:50 02/09/2024		name:papa	email:papa@gmail.com	 msg:login
13:26:23 02/09/2024		name:papa	email:papa@gmail.com	 msg:login
13:27:33 02/09/2024		name:papa	email:papa@gmail.com	 msg:login
13:29:14 02/09/2024		name:papa	email:papa@gmail.com	 msg:login
13:31:22 02/09/2024		name:papa	email:papa@gmail.com	 msg:login
13:33:39 02/09/2024		name:papa	email:papa@gmail.com	 msg:login
07:51:18 02/10/2024		name:papa	email:papa@gmail.com	 msg:login
08:32:37 02/10/2024		name:papa	email:papa@gmail.com	 msg:login
08:35:06 02/10/2024		name:papa	email:papa@gmail.com	 msg:login
08:35:46 02/10/2024		name:papa	email:papa@gmail.com	 msg:login
08:37:25 02/10/2024		name:papa	email:papa@gmail.com	 msg:login
08:40:34 02/10/2024		name:papa	email:papa@gmail.com	 msg:login
08:45:37 02/10/2024		name:papa	email:papa@gmail.com	 msg:login
08:47:59 02/10/2024		name:papa	email:papa@gmail.com	 msg:login
08:54:02 02/10/2024		name:papa	email:papa@gmail.com	 msg:login
09:00:23 02/10/2024		name:papa	email:papa@gmail.com	 msg:login
09:04:17 02/10/2024		name:papa	email:papa@gmail.com	 msg:login
09:06:34 02/10/2024		name:papa	email:papa@gmail.com	 msg:login
09:10:01 02/10/2024		name:papa	email:papa@gmail.com	 msg:login
09:12:20 02/10/2024		name:papa	email:papa@gmail.com	 msg:login
09:12:30 02/10/2024		name:papa	email:papa@gmail.com	 msg:login
09:15:37 02/10/2024		name:papa	email:papa@gmail.com	 msg:login
09:16:05 02/10/2024		name:papa	email:papa@gmail.com	 msg:login
09:31:23 02/10/2024		name:papa	email:papa@gmail.com	 msg:login
09:32:51 02/10/2024		name:papa	email:papa@gmail.com	 msg:login
09:34:23 02/10/2024		name:papa	email:papa@gmail.com	 msg:login
09:37:34 02/10/2024		name:papa	email:papa@gmail.com	 msg:login
09:39:19 02/10/2024		name:papa	email:papa@gmail.com	 msg:login
09:40:09 02/10/2024		name:papa	email:papa@gmail.com	 msg:login
09:45:12 02/10/2024		name:papa	email:papa@gmail.com	 msg:login
09:45:51 02/10/2024		name:papa	email:papa@gmail.com	 msg:login
09:47:32 02/10/2024		name:papa	email:papa@gmail.com	 msg:login
09:49:28 02/10/2024		name:nidhi ji	email:kaka@gmail.com	 msg:new account
09:49:50 02/10/2024		name:nidhi ji	email:kaka@gmail.com	 msg:login
09:51:14 02/10/2024		name:nidhi ji	email:kaka@gmail.com	 msg:login
09:54:28 02/10/2024		name:nidhi ji	email:kaka@gmail.com	 msg:login
10:02:53 02/10/2024		name:papa	email:papa@gmail.com	 msg:login
23:02:24 02/16/2024		name:papa	email:papa@gmail.com	 msg:login
23:04:16 02/16/2024		name:papa	email:papa@gmail.com	 msg:login
23:05:21 02/16/2024		name:papa	email:papa@gmail.com	 msg:login
23:09:41 02/16/2024		name:papa	email:papa@gmail.com	 msg:login
23:14:40 02/16/2024		name:papa	email:papa@gmail.com	 msg:login
23:17:00 02/16/2024		name:papa	email:papa@gmail.com	 msg:login
23:18:10 02/16/2024		name:papa	email:papa@gmail.com	 msg:login
23:30:43 02/16/2024		name:papa	email:papa@gmail.com	 msg:login
00:11:19 02/17/2024		name:papa	email:papa@gmail.com	 msg:login
01:15:15 02/17/2024		name:papa	email:papa@gmail.com	 msg:login
01:17:45 02/17/2024		name:papa	email:papa@gmail.com	 msg:login
01:19:58 02/17/2024		name:papa	email:papa@gmail.com	 msg:login
01:21:20 02/17/2024		name:papa	email:papa@gmail.com	 msg:login
01:22:57 02/17/2024		name:papa	email:papa@gmail.com	 msg:login
23:19:07 02/17/2024		name:papa	email:papa@gmail.com	 msg:login
23:20:52 02/17/2024		name:papa	email:papa@gmail.com	 msg:login
16:20:20 02/18/2024		name:papa	email:papa@gmail.com	 msg:login
16:33:35 02/18/2024		name:papa	email:papa@gmail.com	 msg:login
17:13:17 02/18/2024		name:papa	email:papa@gmail.com	 msg:login
17:19:51 02/18/2024		name:sdf	email:papfa@gmail.com	 msg:new account
17:20:35 02/18/2024		name:papa	email:papa@gmail.com	 msg:login
17:51:42 02/18/2024		name:papa	email:papa@gmail.com	 msg:login
17:52:40 02/18/2024		name:papa	email:papa@gmail.com	 msg:login
18:20:44 02/18/2024		name:papa	email:papa@gmail.com	 msg:login
18:22:46 02/18/2024		name:nidhi ji	email:kaka@gmail.com	 msg:login
18:25:19 02/18/2024		name:nidhi ji	email:kaka@gmail.com	 msg:login
22:58:02 02/18/2024		name:nidhi ji	email:kaka@gmail.com	 msg:login
22:59:39 02/18/2024		name:nidhi ji	email:kaka@gmail.com	 msg:login
00:22:58 02/19/2024		name:nidhi ji	email:kaka@gmail.com	 msg:login
00:27:11 02/19/2024		name:nidhi ji	email:kaka@gmail.com	 msg:login
00:29:22 02/19/2024		name:papa	email:papa@gmail.com	 msg:login
00:37:12 02/19/2024		name:nidhi ji	email:kaka@gmail.com	 msg:login
00:52:08 02/19/2024		name:nidhi ji	email:kaka@gmail.com	 msg:login
00:52:58 02/19/2024		name:nidhi ji	email:kaka@gmail.com	 msg:login
11:12:48 02/19/2024		name:papa	email:papa@gmail.com	 msg:login
12:04:56 02/19/2024		name:papa	email:papa@gmail.com	 msg:login
12:17:16 02/19/2024		name:papa	email:papa@gmail.com	 msg:new account
12:17:19 02/19/2024		name:papa	email:papa@gmail.com	 msg:login
13:20:19 02/19/2024		name:papa	email:papa@gmail.com	 msg:login
13:20:46 02/19/2024		name:papa	email:papa@gmail.com	 msg:login
13:32:10 02/19/2024		name:papa	email:papa@gmail.com	 msg:login
13:34:06 02/19/2024		name:papa	email:papa@gmail.com	 msg:login
13:43:06 02/19/2024		name:papa	email:papa@gmail.com	 msg:login
13:44:59 02/19/2024		name:papa	email:papa@gmail.com	 msg:login
14:19:50 02/19/2024		name:papa	email:papa@gmail.com	 msg:login
14:22:35 02/19/2024		name:nidhi ji	email:kaka@gmail.com	 msg:login
14:25:15 02/19/2024		name:papa	email:papa@gmail.com	 msg:login
14:27:38 02/19/2024		name:papa	email:papa@gmail.com	 msg:login
14:27:44 02/19/2024		name:nidhi ji	email:kaka@gmail.com	 msg:login
14:34:54 02/19/2024		name:papa	email:papa@gmail.com	 msg:login
14:35:01 02/19/2024		name:nidhi ji	email:kaka@gmail.com	 msg:login
14:42:37 02/19/2024		name:papa	email:papa@gmail.com	 msg:login
14:55:36 02/19/2024		name:papa	email:papa@gmail.com	 msg:login
14:57:17 02/19/2024		name:papa	email:papa@gmail.com	 msg:login
14:57:51 02/19/2024		name:nidhi ji	email:kaka@gmail.com	 msg:login
15:08:07 02/19/2024		name:papa	email:papa@gmail.com	 msg:login
15:17:54 02/19/2024		name:papa	email:papa@gmail.com	 msg:login
21:36:06 02/19/2024		name:papa	email:papa@gmail.com	 msg:login
21:37:09 02/19/2024		name:papa	email:papa@gmail.com	 msg:login
21:38:18 02/19/2024		name:papa	email:papa@gmail.com	 msg:login
22:28:55 02/19/2024		name:nidhi ji	email:kaka@gmail.com	 msg:login
22:30:43 02/19/2024		name:nidhi ji	email:kaka@gmail.com	 msg:login
22:46:58 02/19/2024		name:nidhi ji	email:kaka@gmail.com	 msg:login
00:02:56 02/20/2024		name:nidhi ji	email:kaka@gmail.com	 msg:login
00:03:36 02/20/2024		name:nidhi ji	email:kaka@gmail.com	 msg:login
00:04:02 02/20/2024		name:papa	email:papa@gmail.com	 msg:login
00:05:48 02/20/2024		name:nidhi ji	email:kaka@gmail.com	 msg:login
00:06:03 02/20/2024		name:papa	email:papa@gmail.com	 msg:login
00:08:44 02/20/2024		name:nidhi ji	email:kaka@gmail.com	 msg:login
00:13:54 02/20/2024		name:papa	email:papa@gmail.com	 msg:login
00:21:11 02/20/2024		name:nidhi ji	email:kaka@gmail.com	 msg:login
00:22:08 02/20/2024		name:nidhi ji	email:kaka@gmail.com	 msg:login
00:55:58 02/20/2024		name:nidhi ji	email:kaka@gmail.com	 msg:login
09:05:51 02/20/2024		name:nidhi ji	email:kaka@gmail.com	 msg:login
09:06:08 02/20/2024		name:papa	email:papa@gmail.com	 msg:login
09:07:30 02/20/2024		name:nidhi ji	email:kaka@gmail.com	 msg:login
21:06:28 02/20/2024		name:papa	email:papa@gmail.com	 msg:login
21:13:56 02/20/2024		name:nidhi ji	email:kaka@gmail.com	 msg:login
21:14:15 02/20/2024		name:papa	email:papa@gmail.com	 msg:login
21:14:25 02/20/2024		name:nidhi ji	email:kaka@gmail.com	 msg:login
22:13:59 02/20/2024		name:nidhi ji	email:kaka@gmail.com	 msg:login
22:24:00 02/20/2024		name:papa	email:papa@gmail.com	 msg:new account
22:24:02 02/20/2024		name:papa	email:papa@gmail.com	 msg:login
22:24:25 02/20/2024		name:kaka	email:kaka@gmail.com	 msg:new account
22:24:27 02/20/2024		name:kaka	email:kaka@gmail.com	 msg:login
22:25:01 02/20/2024		name:kaka	email:kaka@gmail.com	 msg:login
22:26:40 02/20/2024		name:papa	email:papa@gmail.com	 msg:new account
22:26:42 02/20/2024		name:papa	email:papa@gmail.com	 msg:login
22:26:48 02/20/2024		name:kaka	email:kaka@gmail.com	 msg:login
22:50:25 02/20/2024		name:kaka	email:kaka@gmail.com	 msg:new account
22:51:46 02/20/2024		name:papa	email:papa1@gmail.com	 msg:new account
22:51:52 02/20/2024		name:papa	email:papa2@gmail.com	 msg:new account
22:51:57 02/20/2024		name:papa	email:papa3@gmail.com	 msg:new account
22:52:01 02/20/2024		name:papa	email:papa4@gmail.com	 msg:new account
22:52:07 02/20/2024		name:papa	email:papa5@gmail.com	 msg:new account
22:52:11 02/20/2024		name:papa	email:papa6@gmail.com	 msg:new account
22:53:53 02/20/2024		name:papa	email:papa7@gmail.com	 msg:new account
22:53:58 02/20/2024		name:kaka	email:kaka@gmail.com	 msg:login
22:56:20 02/20/2024		name:kaka	email:kaka@gmail.com	 msg:login
22:56:37 02/20/2024		name:kaka	email:kaka@gmail.com	 msg:login
22:57:43 02/20/2024		name:papa	email:papa1@gmail.com	 msg:new account
22:57:49 02/20/2024		name:papa	email:papa2@gmail.com	 msg:new account
22:57:52 02/20/2024		name:papa	email:papa3@gmail.com	 msg:new account
22:57:55 02/20/2024		name:papa	email:papa4@gmail.com	 msg:new account
22:57:59 02/20/2024		name:papa	email:papa5@gmail.com	 msg:new account
22:58:02 02/20/2024		name:papa	email:papa6@gmail.com	 msg:new account
22:58:05 02/20/2024		name:papa	email:papa7@gmail.com	 msg:new account
22:59:29 02/20/2024		name:kaka	email:kaka@gmail.com	 msg:login
23:04:30 02/20/2024		name:papa	email:papa1@gmail.com	 msg:new account
23:04:35 02/20/2024		name:papa	email:papa2@gmail.com	 msg:new account
23:04:40 02/20/2024		name:papa	email:papa3@gmail.com	 msg:new account
23:04:45 02/20/2024		name:papa	email:papa4@gmail.com	 msg:new account
23:04:51 02/20/2024		name:papa	email:papa5@gmail.com	 msg:new account
23:06:27 02/20/2024		name:papa	email:papa6@gmail.com	 msg:new account
23:06:53 02/20/2024		name:kaka	email:kaka@gmail.com	 msg:login
23:08:27 02/20/2024		name:kaka	email:kaka@gmail.com	 msg:login
23:12:15 02/20/2024		name:kaka	email:kaka@gmail.com	 msg:login
23:13:47 02/20/2024		name:kaka	email:kaka@gmail.com	 msg:login
23:17:26 02/20/2024		name:kaka	email:kaka@gmail.com	 msg:login
23:18:25 02/20/2024		name:kaka	email:kaka@gmail.com	 msg:login
23:20:45 02/20/2024		name:papa	email:papa6@gmail.com	 msg:new account
23:20:48 02/20/2024		name:papa	email:papa5@gmail.com	 msg:new account
23:20:51 02/20/2024		name:papa	email:papa4@gmail.com	 msg:new account
23:20:54 02/20/2024		name:papa	email:papa3@gmail.com	 msg:new account
23:20:56 02/20/2024		name:papa	email:papa2@gmail.com	 msg:new account
23:20:59 02/20/2024		name:papa	email:papa1@gmail.com	 msg:new account
23:24:38 02/20/2024		name:kaka	email:kaka@gmail.com	 msg:login
23:28:53 02/20/2024		name:kaka	email:kaka@gmail.com	 msg:login
23:32:25 02/20/2024		name:kaka	email:kaka@gmail.com	 msg:login
23:34:50 02/20/2024		name:kaka	email:kaka@gmail.com	 msg:login
23:35:58 02/20/2024		name:papa	email:papa1@gmail.com	 msg:new account
23:36:03 02/20/2024		name:papa	email:papa7@gmail.com	 msg:new account
23:36:06 02/20/2024		name:papa	email:papa6@gmail.com	 msg:new account
23:36:08 02/20/2024		name:papa	email:papa5@gmail.com	 msg:new account
23:36:11 02/20/2024		name:papa	email:papa4@gmail.com	 msg:new account
23:36:13 02/20/2024		name:papa	email:papa3@gmail.com	 msg:new account
23:36:16 02/20/2024		name:papa	email:papa2@gmail.com	 msg:new account
23:36:34 02/20/2024		name:kaka	email:kaka@gmail.com	 msg:login
23:37:36 02/20/2024		name:papa	email:papa1@gmail.com	 msg:new account
23:37:44 02/20/2024		name:papa	email:papa2@gmail.com	 msg:new account
23:37:47 02/20/2024		name:papa	email:papa3@gmail.com	 msg:new account
23:37:51 02/20/2024		name:papa	email:papa4@gmail.com	 msg:new account
23:37:58 02/20/2024		name:papa	email:papa6@gmail.com	 msg:new account
23:38:07 02/20/2024		name:kaka	email:kaka@gmail.com	 msg:login
00:20:00 02/21/2024		name:papa	email:papa3@gmail.com	 msg:login
00:26:28 02/21/2024		name:kaka	email:kaka@gmail.com	 msg:login
12:08:56 02/21/2024		name:kaka	email:kaka@gmail.com	 msg:login
12:16:58 02/21/2024		name:kaka	email:kaka@gmail.com	 msg:login
12:18:12 02/21/2024		name:kaka	email:kaka@gmail.com	 msg:login
12:19:57 02/21/2024		name:kaka	email:kaka@gmail.com	 msg:login
12:22:43 02/21/2024		name:kaka	email:kaka@gmail.com	 msg:login
12:23:19 02/21/2024		name:kaka	email:kaka@gmail.com	 msg:login
12:34:31 02/21/2024		name:kaka	email:kaka@gmail.com	 msg:login
12:41:43 02/21/2024		name:kaka	email:kaka@gmail.com	 msg:login
12:52:28 02/21/2024		name:kaka	email:kaka@gmail.com	 msg:login
12:54:10 02/21/2024		name:kaka	email:kaka@gmail.com	 msg:login
13:00:37 02/21/2024		name:kaka	email:kaka@gmail.com	 msg:login
13:05:15 02/21/2024		name:kaka	email:kaka@gmail.com	 msg:login
23:44:00 03/05/2024		name:kaka	email:kaka@gmail.com	 msg:new account
23:44:01 03/05/2024		name:kaka	email:kaka@gmail.com	 msg:login
23:55:23 03/05/2024		name:kaka	email:kaka@gmail.com	 msg:login
00:24:28 03/06/2024		name:kaka	email:kaka@gmail.com	 msg:login
00:37:49 03/06/2024		name:papa	email:papa@gmail.com	 msg:new account
00:37:51 03/06/2024		name:papa	email:papa@gmail.com	 msg:login
00:41:17 03/06/2024		name:kaka	email:kaka@gmail.com	 msg:login
01:03:40 03/06/2024		name:kaka	email:kaka@gmail.com	 msg:login
01:04:30 03/06/2024		name:kaka	email:kaka@gmail.com	 msg:login
01:57:24 03/06/2024		name:kaka	email:kaka@gmail.com	 msg:login
02:43:59 03/06/2024		name:kaka	email:kaka@gmail.com	 msg:login
02:45:36 03/06/2024		name:kaka	email:kaka@gmail.com	 msg:login
02:57:39 03/06/2024		name:papa	email:papa@gmail.com	 msg:login
02:58:01 03/06/2024		name:papa	email:papa@gmail.com	 msg:login
02:58:29 03/06/2024		name:papa	email:papa@gmail.com	 msg:login
02:58:40 03/06/2024		name:papa	email:papa@gmail.com	 msg:login
02:59:27 03/06/2024		name:papa	email:papa@gmail.com	 msg:login
03:01:49 03/06/2024		name:papa	email:papa@gmail.com	 msg:login
03:02:32 03/06/2024		name:papa	email:papa@gmail.com	 msg:login
03:03:55 03/06/2024		name:papa	email:papa@gmail.com	 msg:login
03:06:05 03/06/2024		name:papa	email:papa@gmail.com	 msg:login
03:14:26 03/06/2024		name:papa	email:papa@gmail.com	 msg:login
03:16:21 03/06/2024		name:papa	email:papa@gmail.com	 msg:login
03:16:50 03/06/2024		name:kaka	email:kaka@gmail.com	 msg:login
22:27:21 03/06/2024		name:kaka	email:kaka@gmail.com	 msg:login
22:57:43 03/06/2024		name:kaka	email:kaka@gmail.com	 msg:login
23:03:39 03/06/2024		name:kaka	email:kaka@gmail.com	 msg:login
23:10:29 03/06/2024		name:kaka	email:kaka@gmail.com	 msg:login
23:15:39 03/06/2024		name:kaka	email:kaka@gmail.com	 msg:login
23:28:21 03/06/2024		name:kaka	email:kaka@gmail.com	 msg:login
23:31:02 03/06/2024		name:kaka	email:kaka@gmail.com	 msg:login
23:38:07 03/06/2024		name:kaka	email:kaka@gmail.com	 msg:login
23:39:09 03/06/2024		name:kaka	email:kaka@gmail.com	 msg:login
00:07:06 03/07/2024		name:kaka	email:kaka@gmail.com	 msg:login
00:23:39 03/07/2024		name:kaka	email:kaka@gmail.com	 msg:login
00:26:15 03/07/2024		name:papa	email:papa@gmail.com	 msg:login
00:26:43 03/07/2024		name:kaka	email:kaka@gmail.com	 msg:login
00:28:28 03/07/2024		name:kaka	email:kaka@gmail.com	 msg:login
00:29:26 03/07/2024		name:papa	email:papa@gmail.com	 msg:login
00:30:00 03/07/2024		name:papa	email:papa@gmail.com	 msg:login
00:30:11 03/07/2024		name:kaka	email:kaka@gmail.com	 msg:login
00:31:14 03/07/2024		name:papa	email:papa@gmail.com	 msg:login
00:31:21 03/07/2024		name:kaka	email:kaka@gmail.com	 msg:login
01:02:22 03/07/2024		name:kaka	email:kaka@gmail.com	 msg:login
01:06:20 03/07/2024		name:kaka	email:kaka@gmail.com	 msg:login
01:25:02 03/07/2024		name:kaka	email:kaka@gmail.com	 msg:login
01:33:08 03/07/2024		name:kaka	email:kaka@gmail.com	 msg:login
01:39:38 03/07/2024		name:kaka	email:kaka@gmail.com	 msg:login
01:57:25 03/07/2024		name:kaka	email:kaka@gmail.com	 msg:login
02:21:53 03/07/2024		name:kaka	email:kaka@gmail.com	 msg:login
02:23:30 03/07/2024		name:kaka	email:kaka@gmail.com	 msg:login
11:50:30 03/07/2024		name:kaka	email:kaka@gmail.com	 msg:login
11:59:04 03/07/2024		name:papa	email:papa@gmail.com	 msg:login
12:05:39 03/07/2024		name:papa	email:papa@gmail.com	 msg:login
12:06:12 03/07/2024		name:papa	email:papa@gmail.com	 msg:login
12:06:25 03/07/2024		name:papa	email:papa@gmail.com	 msg:login
12:26:09 03/07/2024		name:papa	email:papa@gmail.com	 msg:login
12:30:13 03/07/2024		name:papa	email:papa@gmail.com	 msg:login
12:34:20 03/07/2024		name:papa	email:papa@gmail.com	 msg:login
12:38:33 03/07/2024		name:kaka	email:kaka@gmail.com	 msg:login
13:22:47 03/07/2024		name:papa	email:papa@gmail.com	 msg:login
13:34:31 03/07/2024		name:papa	email:papa@gmail.com	 msg:login
13:43:22 03/07/2024		name:papa	email:papa@gmail.com	 msg:login
13:44:37 03/07/2024		name:papa	email:papa@gmail.com	 msg:login
13:45:57 03/07/2024		name:papa	email:papa@gmail.com	 msg:login
13:48:30 03/07/2024		name:kaka	email:kaka@gmail.com	 msg:login
14:25:07 03/07/2024		name:kaka	email:kaka@gmail.com	 msg:login
14:28:10 03/07/2024		name:papa	email:papa@gmail.com	 msg:login
14:37:50 03/07/2024		name:papa	email:papa@gmail.com	 msg:login
14:44:26 03/07/2024		name:papa	email:papa@gmail.com	 msg:login
15:15:16 03/07/2024		name:kaka	email:kaka@gmail.com	 msg:login
15:17:34 03/07/2024		name:papa	email:papa@gmail.com	 msg:login
15:43:45 03/07/2024		name:papa	email:papa@gmail.com	 msg:login
15:45:56 03/07/2024		name:papa	email:papa@gmail.com	 msg:login
15:51:38 03/07/2024		name:papa	email:papa@gmail.com	 msg:login
15:55:41 03/07/2024		name:papa	email:papa@gmail.com	 msg:login
21:24:51 03/07/2024		name:papa	email:papa@gmail.com	 msg:login
21:32:03 03/07/2024		name:papa	email:papa@gmail.com	 msg:login
21:48:13 03/07/2024		name:papa	email:papa@gmail.com	 msg:login
22:47:39 03/07/2024		name:kaka	email:kaka@gmail.com	 msg:login
22:50:26 03/07/2024		name:kaka	email:kaka@gmail.com	 msg:login
22:51:35 03/07/2024		name:papa	email:papa@gmail.com	 msg:login
22:52:22 03/07/2024		name:papa	email:papa@gmail.com	 msg:login
22:52:48 03/07/2024		name:papa	email:papa@gmail.com	 msg:login
22:54:44 03/07/2024		name:papa	email:papa@gmail.com	 msg:login
23:02:55 03/07/2024		name:papa	email:papa@gmail.com	 msg:login
23:04:27 03/07/2024		name:papa	email:papa@gmail.com	 msg:login
23:08:52 03/07/2024		name:papa	email:papa@gmail.com	 msg:login
23:09:44 03/07/2024		name:papa	email:papa@gmail.com	 msg:login
23:10:31 03/07/2024		name:papa	email:papa@gmail.com	 msg:login
23:13:11 03/07/2024		name:kaka	email:kaka@gmail.com	 msg:login
23:19:06 03/07/2024		name:papa	email:papa@gmail.com	 msg:login
23:21:21 03/07/2024		name:papa	email:papa@gmail.com	 msg:login
23:22:25 03/07/2024		name:papa	email:papa@gmail.com	 msg:login
23:22:43 03/07/2024		name:papa	email:papa@gmail.com	 msg:login
23:22:44 03/07/2024		name:papa	email:papa@gmail.com	 msg:login
23:22:51 03/07/2024		name:papa	email:papa@gmail.com	 msg:login
23:22:55 03/07/2024		name:papa	email:papa@gmail.com	 msg:login
23:25:24 03/07/2024		name:kaka	email:kaka@gmail.com	 msg:login
23:44:50 03/07/2024		name:kaka	email:kaka@gmail.com	 msg:login
23:45:45 03/07/2024		name:kaka	email:kaka@gmail.com	 msg:login
23:47:30 03/07/2024		name:kaka	email:kaka@gmail.com	 msg:login
23:52:52 03/07/2024		name:papa	email:papa@gmail.com	 msg:login
00:13:25 03/08/2024		name:papa	email:papa@gmail.com	 msg:login
00:13:49 03/08/2024		name:papa	email:papa@gmail.com	 msg:login
00:13:55 03/08/2024		name:kaka	email:kaka@gmail.com	 msg:login
00:14:16 03/08/2024		name:papa	email:papa@gmail.com	 msg:login
00:14:36 03/08/2024		name:kaka	email:kaka@gmail.com	 msg:login
00:20:11 03/08/2024		name:papa	email:papa@gmail.com	 msg:login
00:22:35 03/08/2024		name:papa	email:papa@gmail.com	 msg:login
00:26:01 03/08/2024		name:kaka	email:kaka@gmail.com	 msg:login
09:11:39 03/13/2024		name:billu	email:billu@gmail.com	 msg:new account
09:11:46 03/13/2024		name:billu	email:billu@gmail.com	 msg:login
09:13:01 03/13/2024		name:kaka	email:kaka@gmail.com	 msg:login
09:13:58 03/13/2024		name:billu	email:billu@gmail.com	 msg:login
09:14:09 03/13/2024		name:kaka	email:kaka@gmail.com	 msg:login
