16:35:08 01/20/2024	Mongoose connected to database
16:35:08 01/20/2024	Mongoose connection opened
16:35:08 01/20/2024	listening at port 3500
16:35:51 01/20/2024	Mongoose connected to database
16:35:51 01/20/2024	Mongoose connection opened
16:35:51 01/20/2024	listening at port 3500
16:36:08 01/20/2024	Mongoose connected to database
16:36:08 01/20/2024	Mongoose connection opened
16:36:08 01/20/2024	listening at port 3500
16:39:34 01/20/2024	Mongoose connected to database
16:39:34 01/20/2024	Mongoose connection opened
16:43:05 01/20/2024	Mongoose connection opened
16:50:30 01/20/2024	Mongoose connection opened
22:15:54 01/20/2024	Mongoose connection opened
22:19:49 01/20/2024	Mongoose connection opened
22:21:40 01/20/2024	Mongoose connection opened
22:28:12 01/20/2024	Mongoose connection opened
22:28:46 01/20/2024	Mongoose connection opened
22:29:41 01/20/2024	Mongoose connection opened
22:32:08 01/20/2024	Mongoose connection opened
22:33:04 01/20/2024	Mongoose connection opened
22:33:37 01/20/2024	Mongoose connection opened
22:36:29 01/20/2024	Mongoose connection opened
22:40:36 01/20/2024	Mongoose connection opened
22:45:26 01/20/2024	Mongoose connection opened
22:47:26 01/20/2024	Mongoose connection opened
22:49:42 01/20/2024	Mongoose connection opened
22:50:47 01/20/2024	Mongoose connection opened
22:54:09 01/20/2024	Mongoose connection opened
23:03:49 01/20/2024	Mongoose connection opened
23:04:43 01/20/2024	Mongoose connection opened
23:06:34 01/20/2024	Mongoose connection opened
23:07:54 01/20/2024	Mongoose connection opened
23:15:25 01/20/2024	Mongoose connection opened
23:15:46 01/20/2024	Mongoose connection opened
23:16:03 01/20/2024	Mongoose connection opened
23:19:44 01/20/2024	Mongoose connection opened
23:22:20 01/20/2024	Mongoose connection opened
23:23:00 01/20/2024	Mongoose connection opened
23:23:49 01/20/2024	Mongoose connection opened
23:24:10 01/20/2024	Mongoose connection opened
23:30:30 01/20/2024	Mongoose connection opened
23:37:50 01/20/2024	Mongoose connection opened
23:38:32 01/20/2024	Mongoose connection opened
23:41:12 01/20/2024	Mongoose connection opened
23:41:49 01/20/2024	Mongoose connection opened
23:42:11 01/20/2024	Mongoose connection opened
23:46:10 01/20/2024	Mongoose connection opened
23:47:42 01/20/2024	Mongoose connection opened
01:18:01 01/21/2024	Mongoose connection opened
01:18:38 01/21/2024	Mongoose connection opened
01:21:10 01/21/2024	Mongoose connection opened
01:23:36 01/21/2024	Mongoose connection opened
01:25:55 01/21/2024	Mongoose connection opened
01:27:19 01/21/2024	Mongoose connection opened
01:29:52 01/21/2024	Mongoose connection opened
01:30:47 01/21/2024	Mongoose connection opened
01:31:21 01/21/2024	Mongoose connection opened
01:31:55 01/21/2024	Mongoose connection opened
01:32:20 01/21/2024	Mongoose connection opened
01:38:37 01/21/2024	Mongoose connection opened
01:38:59 01/21/2024	Mongoose connection opened
11:04:00 01/21/2024	Mongoose connection opened
11:06:30 01/21/2024	Mongoose connection opened
11:07:06 01/21/2024	Mongoose connection opened
11:07:49 01/21/2024	Mongoose connection opened
11:15:06 01/21/2024	Mongoose connection opened
11:19:57 01/21/2024	Mongoose connection opened
11:24:04 01/21/2024	Mongoose connection opened
11:24:36 01/21/2024	Mongoose connection opened
11:25:12 01/21/2024	Mongoose connection opened
11:27:44 01/21/2024	Mongoose connection opened
11:29:31 01/21/2024	Mongoose connection opened
11:38:24 01/21/2024	Mongoose connection opened
11:39:55 01/21/2024	Mongoose connection opened
11:41:49 01/21/2024	Mongoose connection opened
11:48:06 01/21/2024	Mongoose connection opened
11:48:28 01/21/2024	Mongoose connection opened
11:53:34 01/21/2024	Mongoose connection opened
11:59:11 01/21/2024	Mongoose connection opened
12:01:48 01/21/2024	Mongoose connection opened
12:03:26 01/21/2024	Mongoose connection opened
12:04:10 01/21/2024	Mongoose connection opened
12:06:56 01/21/2024	Mongoose connection opened
12:12:21 01/21/2024	Mongoose connection opened
12:14:59 01/21/2024	Mongoose connection opened
12:15:49 01/21/2024	Mongoose connection opened
12:16:23 01/21/2024	Mongoose connection opened
12:17:40 01/21/2024	Mongoose connection opened
12:18:50 01/21/2024	Mongoose connection opened
12:19:29 01/21/2024	Mongoose connection opened
12:20:07 01/21/2024	Mongoose connection opened
12:21:03 01/21/2024	Mongoose connection opened
12:24:30 01/21/2024	Mongoose connection opened
12:25:42 01/21/2024	Mongoose connection opened
12:26:11 01/21/2024	Mongoose connection opened
12:26:53 01/21/2024	Mongoose connection opened
12:30:17 01/21/2024	Mongoose connection opened
12:31:06 01/21/2024	Mongoose connection opened
12:32:12 01/21/2024	Mongoose connection opened
22:24:08 01/21/2024	Mongoose connection opened
22:27:31 01/21/2024	Mongoose connection opened
22:27:52 01/21/2024	Mongoose connection opened
22:28:02 01/21/2024	Mongoose connection opened
22:28:14 01/21/2024	Mongoose connection opened
22:28:27 01/21/2024	Mongoose connection opened
22:28:41 01/21/2024	Mongoose connection opened
22:28:54 01/21/2024	Mongoose connection opened
22:29:13 01/21/2024	Mongoose connection opened
22:29:57 01/21/2024	Mongoose connection opened
22:31:39 01/21/2024	Mongoose connection opened
22:41:10 01/21/2024	Mongoose connection opened
22:49:16 01/21/2024	Mongoose connection opened
22:50:36 01/21/2024	Mongoose connection opened
22:53:40 01/21/2024	Mongoose connection opened
22:55:20 01/21/2024	Mongoose connection opened
22:55:59 01/21/2024	Mongoose connection opened
22:56:33 01/21/2024	Mongoose connection opened
22:57:12 01/21/2024	Mongoose connection opened
23:01:06 01/21/2024	Mongoose connection opened
23:01:29 01/21/2024	Mongoose connection opened
23:02:59 01/21/2024	Mongoose connection opened
23:03:44 01/21/2024	Mongoose connection opened
23:04:13 01/21/2024	Mongoose connection opened
23:05:09 01/21/2024	Mongoose connection opened
23:06:28 01/21/2024	Mongoose connection opened
23:07:05 01/21/2024	Mongoose connection opened
23:07:31 01/21/2024	Mongoose connection opened
23:10:12 01/21/2024	Mongoose connection opened
23:11:25 01/21/2024	Mongoose connection opened
23:58:27 01/21/2024	Mongoose connection opened
23:59:13 01/21/2024	Mongoose connection opened
23:59:41 01/21/2024	Mongoose connection opened
00:00:19 01/22/2024	Mongoose connection opened
00:01:10 01/22/2024	Mongoose connection opened
00:01:41 01/22/2024	Mongoose connection opened
00:04:06 01/22/2024	Mongoose connection opened
00:06:27 01/22/2024	Mongoose connection opened
00:07:23 01/22/2024	Mongoose connection opened
00:17:43 01/22/2024	Mongoose connection opened
00:18:47 01/22/2024	Mongoose connection opened
00:19:54 01/22/2024	Mongoose connection opened
00:20:18 01/22/2024	Mongoose connection opened
00:20:30 01/22/2024	Mongoose connection opened
00:21:02 01/22/2024	Mongoose connection opened
00:21:43 01/22/2024	Mongoose connection opened
00:23:09 01/22/2024	Mongoose connection opened
00:27:46 01/22/2024	Mongoose connection opened
00:28:21 01/22/2024	Mongoose connection opened
00:31:24 01/22/2024	Mongoose connection opened
00:33:23 01/22/2024	Mongoose connection opened
00:34:19 01/22/2024	Mongoose connection opened
00:45:34 01/22/2024	Mongoose connection opened
00:45:54 01/22/2024	Mongoose connection opened
00:46:02 01/22/2024	Mongoose connection opened
00:46:05 01/22/2024	Mongoose connection opened
00:46:19 01/22/2024	Mongoose connection opened
00:46:35 01/22/2024	Mongoose connection opened
00:47:49 01/22/2024	Mongoose connection opened
00:48:56 01/22/2024	Mongoose connection opened
00:50:24 01/22/2024	Mongoose connection opened
00:50:52 01/22/2024	Mongoose connection opened
01:08:15 01/22/2024	Mongoose connection opened
01:08:21 01/22/2024	Mongoose connection opened
01:08:27 01/22/2024	Mongoose connection opened
01:08:59 01/22/2024	Mongoose connection opened
01:10:17 01/22/2024	Mongoose connection opened
01:10:43 01/22/2024	Mongoose connection opened
01:31:36 01/22/2024	Mongoose connection opened
01:32:19 01/22/2024	Mongoose connection opened
01:32:49 01/22/2024	Mongoose connection opened
01:33:18 01/22/2024	Mongoose connection opened
01:34:18 01/22/2024	Mongoose connection opened
01:34:42 01/22/2024	Mongoose connection opened
01:36:08 01/22/2024	Mongoose connection opened
01:37:03 01/22/2024	Mongoose connection opened
01:39:28 01/22/2024	Mongoose connection opened
01:39:38 01/22/2024	Mongoose connection opened
01:39:43 01/22/2024	Mongoose connection opened
01:40:25 01/22/2024	Mongoose connection opened
01:41:04 01/22/2024	Mongoose connection opened
01:41:22 01/22/2024	Mongoose connection opened
01:41:53 01/22/2024	Mongoose connection opened
01:42:09 01/22/2024	Mongoose connection opened
01:43:01 01/22/2024	Mongoose connection opened
01:43:18 01/22/2024	Mongoose connection opened
01:44:11 01/22/2024	Mongoose connection opened
01:46:00 01/22/2024	Mongoose connection opened
01:46:59 01/22/2024	Mongoose connection opened
01:47:12 01/22/2024	Mongoose connection opened
01:52:41 01/22/2024	Mongoose connection opened
01:53:15 01/22/2024	Mongoose connection opened
01:57:52 01/22/2024	Mongoose connection opened
02:11:35 01/22/2024	Mongoose connection opened
13:13:59 01/22/2024	Mongoose connection opened
13:14:33 01/22/2024	Mongoose connection opened
13:14:45 01/22/2024	Mongoose connection opened
13:15:54 01/22/2024	Mongoose connection opened
13:16:53 01/22/2024	Mongoose connection opened
13:17:53 01/22/2024	Mongoose connection opened
13:19:25 01/22/2024	Mongoose connection opened
13:30:08 01/22/2024	Mongoose connection opened
13:30:43 01/22/2024	Mongoose connection opened
13:32:52 01/22/2024	Mongoose connection opened
13:33:14 01/22/2024	Mongoose connection opened
13:34:05 01/22/2024	Mongoose connection opened
13:36:54 01/22/2024	Mongoose connection opened
13:38:00 01/22/2024	Mongoose connection opened
13:43:41 01/22/2024	Mongoose connection opened
13:44:06 01/22/2024	Mongoose connection opened
13:50:34 01/22/2024	Mongoose connection opened
13:53:52 01/22/2024	Mongoose connection opened
13:54:27 01/22/2024	Mongoose connection opened
13:54:38 01/22/2024	Mongoose connection opened
13:58:44 01/22/2024	Mongoose connection opened
13:59:01 01/22/2024	Mongoose connection opened
14:01:01 01/22/2024	Mongoose connection opened
14:03:09 01/22/2024	Mongoose connection opened
14:04:08 01/22/2024	Mongoose connection opened
14:04:34 01/22/2024	Mongoose connection opened
14:07:00 01/22/2024	Mongoose connection opened
14:09:09 01/22/2024	Mongoose connection opened
14:09:36 01/22/2024	Mongoose connection opened
14:11:04 01/22/2024	Mongoose connection opened
14:13:57 01/22/2024	Mongoose connection opened
14:14:46 01/22/2024	Mongoose connection opened
14:16:29 01/22/2024	Mongoose connection opened
14:20:27 01/22/2024	Mongoose connection opened
16:27:33 01/22/2024	Mongoose connection opened
16:28:14 01/22/2024	Mongoose connection opened
16:28:53 01/22/2024	Mongoose connection opened
16:35:32 01/22/2024	Mongoose connection opened
16:57:25 01/22/2024	Mongoose connection opened
16:58:02 01/22/2024	Mongoose connection opened
17:00:19 01/22/2024	Mongoose connection opened
17:02:41 01/22/2024	Mongoose connection opened
17:03:37 01/22/2024	Mongoose connection opened
17:04:13 01/22/2024	Mongoose connection opened
17:05:11 01/22/2024	Mongoose connection opened
17:07:21 01/22/2024	Mongoose connection opened
17:14:48 01/22/2024	Mongoose connection opened
17:18:28 01/22/2024	Mongoose connection opened
17:19:13 01/22/2024	Mongoose connection opened
17:19:44 01/22/2024	Mongoose connection opened
17:20:45 01/22/2024	Mongoose connection opened
17:26:24 01/22/2024	Mongoose connection opened
17:29:23 01/22/2024	Mongoose connection opened
17:30:07 01/22/2024	Mongoose connection opened
17:36:31 01/22/2024	Mongoose connection opened
17:36:58 01/22/2024	Mongoose connection opened
17:39:29 01/22/2024	Mongoose connection opened
17:46:04 01/22/2024	Mongoose connection opened
17:56:10 01/22/2024	Mongoose connection opened
17:58:01 01/22/2024	Mongoose connection opened
17:58:27 01/22/2024	Mongoose connection opened
18:05:58 01/22/2024	Mongoose connection opened
18:08:35 01/22/2024	Mongoose connection opened
18:08:49 01/22/2024	Mongoose connection opened
18:11:31 01/22/2024	Mongoose connection opened
18:13:05 01/22/2024	Mongoose connection opened
18:14:49 01/22/2024	Mongoose connection opened
18:19:15 01/22/2024	Mongoose connection opened
18:20:06 01/22/2024	Mongoose connection opened
18:21:29 01/22/2024	Mongoose connection opened
18:22:59 01/22/2024	Mongoose connection opened
18:35:27 01/22/2024	Mongoose connection opened
18:37:21 01/22/2024	Mongoose connection opened
18:41:44 01/22/2024		Mongoose connection opened
21:51:40 01/22/2024		Mongoose connection opened
21:53:18 01/22/2024		Mongoose connection opened
21:54:17 01/22/2024		Mongoose connection opened
21:55:44 01/22/2024		Mongoose connection opened
21:59:52 01/22/2024		Mongoose connection opened
22:01:05 01/22/2024		Mongoose connection opened
22:02:29 01/22/2024		Mongoose connection opened
23:02:11 01/22/2024		Mongoose connection opened
23:04:38 01/22/2024		Mongoose connection opened
23:05:34 01/22/2024		Mongoose connection opened
00:09:02 01/23/2024		Mongoose connection opened
00:10:06 01/23/2024		Mongoose connection opened
00:32:21 01/23/2024		Mongoose connection opened
00:33:14 01/23/2024		Mongoose connection opened
00:33:54 01/23/2024		Mongoose connection opened
00:35:23 01/23/2024		Mongoose connection opened
00:36:57 01/23/2024		Mongoose connection opened
00:39:15 01/23/2024		Mongoose connection opened
00:39:38 01/23/2024		Mongoose connection opened
00:41:20 01/23/2024		Mongoose connection opened
00:41:57 01/23/2024		Mongoose connection opened
00:42:34 01/23/2024		Mongoose connection opened
00:43:21 01/23/2024		Mongoose connection opened
00:44:31 01/23/2024		Mongoose connection opened
00:48:07 01/23/2024		Mongoose connection opened
00:49:21 01/23/2024		Mongoose connection opened
00:49:44 01/23/2024		Mongoose connection opened
00:50:24 01/23/2024		Mongoose connection opened
00:51:30 01/23/2024		Mongoose connection opened
00:52:31 01/23/2024		Mongoose connection opened
00:53:37 01/23/2024		Mongoose connection opened
00:54:27 01/23/2024		Mongoose connection opened
00:56:16 01/23/2024		Mongoose connection opened
00:56:55 01/23/2024		Mongoose connection opened
00:57:40 01/23/2024		Mongoose connection opened
00:58:19 01/23/2024		Mongoose connection opened
00:59:05 01/23/2024		Mongoose connection opened
01:05:59 01/23/2024		Mongoose connection opened
12:59:40 01/23/2024		Mongoose connection opened
13:03:59 01/23/2024		Mongoose connection opened
13:05:14 01/23/2024		Mongoose connection opened
13:10:05 01/23/2024		Mongoose connection opened
13:11:41 01/23/2024		Mongoose connection opened
13:12:03 01/23/2024		Mongoose connection opened
13:19:56 01/23/2024		Mongoose connection opened
13:27:09 01/23/2024		Mongoose connection opened
13:32:04 01/23/2024		Mongoose connection opened
13:32:58 01/23/2024		Mongoose connection opened
13:36:30 01/23/2024		Mongoose connection opened
13:54:48 01/23/2024		Mongoose connection opened
13:59:26 01/23/2024		Mongoose connection opened
14:03:31 01/23/2024		Mongoose connection opened
14:05:16 01/23/2024		Mongoose connection opened
14:15:09 01/23/2024		Mongoose connection opened
14:19:48 01/23/2024		Mongoose connection opened
14:21:21 01/23/2024		Mongoose connection opened
14:28:53 01/23/2024		Mongoose connection opened
14:34:25 01/23/2024		Mongoose connection opened
14:34:53 01/23/2024		Mongoose connection opened
14:43:05 01/23/2024		Mongoose connection opened
14:46:19 01/23/2024		Mongoose connection opened
14:48:41 01/23/2024		Mongoose connection opened
14:52:36 01/23/2024		Mongoose connection opened
14:58:26 01/23/2024		Mongoose connection opened
15:03:28 01/23/2024		Mongoose connection opened
15:04:05 01/23/2024		Mongoose connection opened
15:04:27 01/23/2024		Mongoose connection opened
15:20:35 01/23/2024		Mongoose connection opened
17:57:31 01/23/2024		Mongoose connection opened
23:11:45 01/23/2024		Mongoose connection opened
23:12:52 01/23/2024		Mongoose connection opened
23:13:50 01/23/2024		Mongoose connection opened
23:17:50 01/23/2024		Mongoose connection opened
23:18:03 01/23/2024		Mongoose connection opened
23:21:02 01/23/2024		Mongoose connection opened
23:21:19 01/23/2024		Mongoose connection opened
23:23:19 01/23/2024		Mongoose connection opened
23:23:50 01/23/2024		Mongoose connection opened
23:24:18 01/23/2024		Mongoose connection opened
23:25:03 01/23/2024		Mongoose connection opened
23:25:28 01/23/2024		Mongoose connection opened
23:26:18 01/23/2024		Mongoose connection opened
23:26:36 01/23/2024		Mongoose connection opened
23:27:27 01/23/2024		Mongoose connection opened
23:28:14 01/23/2024		Mongoose connection opened
23:29:44 01/23/2024		Mongoose connection opened
23:48:40 01/23/2024		Mongoose connection opened
00:07:31 01/24/2024		Mongoose connection opened
00:11:54 01/24/2024		Mongoose connection opened
00:12:47 01/24/2024		Mongoose connection opened
00:30:28 01/24/2024		Mongoose connection opened
00:31:21 01/24/2024		Mongoose connection opened
00:38:05 01/24/2024		Mongoose connection opened
00:39:59 01/24/2024		Mongoose connection opened
00:41:24 01/24/2024		Mongoose connection opened
00:42:02 01/24/2024		Mongoose connection opened
00:45:41 01/24/2024		Mongoose connection opened
00:52:11 01/24/2024		Mongoose connection opened
13:06:22 01/24/2024		Mongoose connection opened
13:12:39 01/24/2024		Mongoose connection opened
13:14:18 01/24/2024		Mongoose connection opened
13:16:30 01/24/2024		Mongoose connection opened
13:17:48 01/24/2024		Mongoose connection opened
13:21:04 01/24/2024		Mongoose connection opened
13:47:31 01/24/2024		Mongoose connection opened
13:48:58 01/24/2024		Mongoose connection opened
13:51:10 01/24/2024		Mongoose connection opened
13:52:03 01/24/2024		Mongoose connection opened
13:55:07 01/24/2024		Mongoose connection opened
14:01:28 01/24/2024		Mongoose connection opened
14:03:04 01/24/2024		Mongoose connection opened
14:03:35 01/24/2024		Mongoose connection opened
14:05:49 01/24/2024		Mongoose connection opened
14:10:34 01/24/2024		Mongoose connection opened
14:17:37 01/24/2024		Mongoose connection opened
14:21:57 01/24/2024		Mongoose connection opened
14:22:42 01/24/2024		Mongoose connection opened
14:28:44 01/24/2024		Mongoose connection opened
14:33:46 01/24/2024		Mongoose connection opened
14:36:28 01/24/2024		Mongoose connection opened
14:59:14 01/24/2024		Mongoose connection opened
15:00:23 01/24/2024		Mongoose connection opened
15:01:29 01/24/2024		Mongoose connection opened
15:02:13 01/24/2024		Mongoose connection opened
15:02:36 01/24/2024		Mongoose connection opened
15:03:35 01/24/2024		Mongoose connection opened
18:36:39 01/24/2024		Mongoose connection opened
19:02:56 01/24/2024		Mongoose connection opened
19:03:53 01/24/2024		Mongoose connection opened
21:34:21 01/24/2024		Mongoose connection opened
21:55:57 01/24/2024		Mongoose connection opened
21:59:08 01/24/2024		Mongoose connection opened
22:03:22 01/24/2024		Mongoose connection opened
22:20:13 01/24/2024		Mongoose connection opened
22:28:14 01/24/2024		Mongoose connection opened
22:34:09 01/24/2024		Mongoose connection opened
22:37:22 01/24/2024		Mongoose connection opened
22:39:03 01/24/2024		Mongoose connection opened
22:40:24 01/24/2024		Mongoose connection opened
22:44:51 01/24/2024		Mongoose connection opened
22:48:26 01/24/2024		Mongoose connection opened
22:50:23 01/24/2024		Mongoose connection opened
22:51:29 01/24/2024		Mongoose connection opened
22:56:01 01/24/2024		Mongoose connection opened
23:17:04 01/24/2024		Mongoose connection opened
23:18:06 01/24/2024		Mongoose connection opened
23:23:54 01/24/2024		Mongoose connection opened
19:36:41 01/27/2024		Mongoose connection opened
19:52:15 01/27/2024		Mongoose connection opened
19:57:13 01/27/2024		Mongoose connection opened
18:58:15 01/28/2024		Mongoose connection opened
19:05:49 01/28/2024		Mongoose connection opened
19:07:22 01/28/2024		Mongoose connection opened
19:10:33 01/28/2024		Mongoose connection opened
19:15:40 01/28/2024		Mongoose connection opened
19:17:23 01/28/2024		Mongoose connection opened
19:19:36 01/28/2024		Mongoose connection opened
19:27:05 01/28/2024		Mongoose connection opened
19:30:10 01/28/2024		Mongoose connection opened
19:34:43 01/28/2024		Mongoose connection opened
19:34:54 01/28/2024		Mongoose connection opened
19:40:01 01/28/2024		Mongoose connection opened
19:44:56 01/28/2024		Mongoose connection opened
19:49:22 01/28/2024		Mongoose connection opened
19:50:03 01/28/2024		Mongoose connection opened
22:34:53 01/28/2024		Mongoose connection opened
22:37:33 01/28/2024		Mongoose connection opened
22:49:06 01/28/2024		Mongoose connection opened
22:49:12 01/28/2024		Mongoose connection opened
22:51:27 01/28/2024		Mongoose connection opened
22:55:54 01/28/2024		Mongoose connection opened
22:57:22 01/28/2024		Mongoose connection opened
23:58:33 01/28/2024		Mongoose connection opened
00:00:22 01/29/2024		Mongoose connection opened
00:04:09 01/29/2024		Mongoose connection opened
00:09:30 01/29/2024		Mongoose connection opened
00:45:47 01/29/2024		Mongoose connection opened
00:58:35 01/29/2024		Mongoose connection opened
01:00:29 01/29/2024		Mongoose connection opened
01:01:59 01/29/2024		Mongoose connection opened
01:08:09 01/29/2024		Mongoose connection opened
01:08:57 01/29/2024		Mongoose connection opened
01:11:10 01/29/2024		Mongoose connection opened
01:13:18 01/29/2024		Mongoose connection opened
01:13:53 01/29/2024		Mongoose connection opened
01:15:33 01/29/2024		Mongoose connection opened
01:16:42 01/29/2024		Mongoose connection opened
01:17:09 01/29/2024		Mongoose connection opened
01:18:16 01/29/2024		Mongoose connection opened
01:19:13 01/29/2024		Mongoose connection opened
01:20:24 01/29/2024		Mongoose connection opened
01:25:02 01/29/2024		Mongoose connection opened
01:26:35 01/29/2024		Mongoose connection opened
01:29:43 01/29/2024		Mongoose connection opened
01:32:03 01/29/2024		Mongoose connection opened
01:36:32 01/29/2024		Mongoose connection opened
01:50:20 01/29/2024		Mongoose connection opened
01:51:26 01/29/2024		Mongoose connection opened
22:18:14 01/30/2024		Mongoose connection opened
22:24:04 01/30/2024		Mongoose connection opened
22:29:48 01/30/2024		Mongoose connection opened
22:30:54 01/30/2024		Mongoose connection opened
22:34:56 01/30/2024		Mongoose connection opened
22:37:33 01/30/2024		Mongoose connection opened
22:39:01 01/30/2024		Mongoose connection opened
22:43:40 01/30/2024		Mongoose connection opened
22:47:46 01/30/2024		Mongoose connection opened
23:21:10 01/30/2024		Mongoose connection opened
23:28:32 01/30/2024		Mongoose connection opened
23:31:14 01/30/2024		Mongoose connection opened
23:33:50 01/30/2024		Mongoose connection opened
23:45:12 01/30/2024		Mongoose connection opened
23:45:53 01/30/2024		Mongoose connection opened
23:48:52 01/30/2024		Mongoose connection opened
23:51:52 01/30/2024		Mongoose connection opened
23:52:35 01/30/2024		Mongoose connection opened
23:54:11 01/30/2024		Mongoose connection opened
23:55:01 01/30/2024		Mongoose connection opened
23:55:48 01/30/2024		Mongoose connection opened
23:56:07 01/30/2024		Mongoose connection opened
23:57:03 01/30/2024		Mongoose connection opened
00:05:44 01/31/2024		Mongoose connection opened
00:15:22 01/31/2024		Mongoose connection opened
00:26:16 01/31/2024		Mongoose connection opened
00:28:38 01/31/2024		Mongoose connection opened
00:48:54 01/31/2024		Mongoose connection opened
00:53:30 01/31/2024		Mongoose connection opened
00:56:47 01/31/2024		Mongoose connection opened
00:59:02 01/31/2024		Mongoose connection opened
01:05:25 01/31/2024		Mongoose connection opened
01:09:29 01/31/2024		Mongoose connection opened
01:30:30 01/31/2024		Mongoose connection opened
01:31:56 01/31/2024		Mongoose connection opened
01:35:13 01/31/2024		Mongoose connection opened
01:41:10 01/31/2024		Mongoose connection opened
01:42:55 01/31/2024		Mongoose connection opened
01:43:21 01/31/2024		Mongoose connection opened
01:45:07 01/31/2024		Mongoose connection opened
01:47:27 01/31/2024		Mongoose connection opened
01:49:19 01/31/2024		Mongoose connection opened
01:49:48 01/31/2024		Mongoose connection opened
01:50:04 01/31/2024		Mongoose connection opened
01:50:33 01/31/2024		Mongoose connection opened
01:50:51 01/31/2024		Mongoose connection opened
01:51:08 01/31/2024		Mongoose connection opened
01:58:47 01/31/2024		Mongoose connection opened
02:00:06 01/31/2024		Mongoose connection opened
02:00:58 01/31/2024		Mongoose connection opened
02:01:47 01/31/2024		Mongoose connection opened
02:02:05 01/31/2024		Mongoose connection opened
02:05:42 01/31/2024		Mongoose connection opened
02:07:12 01/31/2024		Mongoose connection opened
02:08:49 01/31/2024		Mongoose connection opened
02:10:06 01/31/2024		Mongoose connection opened
02:13:44 01/31/2024		Mongoose connection opened
02:14:48 01/31/2024		Mongoose connection opened
02:15:44 01/31/2024		Mongoose connection opened
02:17:37 01/31/2024		Mongoose connection opened
02:19:21 01/31/2024		Mongoose connection opened
02:20:30 01/31/2024		Mongoose connection opened
02:21:56 01/31/2024		Mongoose connection opened
02:23:11 01/31/2024		Mongoose connection opened
02:24:51 01/31/2024		Mongoose connection opened
02:25:27 01/31/2024		Mongoose connection opened
02:32:35 01/31/2024		Mongoose connection opened
02:32:54 01/31/2024		Mongoose connection opened
02:34:26 01/31/2024		Mongoose connection opened
02:35:14 01/31/2024		Mongoose connection opened
02:37:14 01/31/2024		Mongoose connection opened
02:37:31 01/31/2024		Mongoose connection opened
02:38:34 01/31/2024		Mongoose connection opened
02:38:47 01/31/2024		Mongoose connection opened
02:39:56 01/31/2024		Mongoose connection opened
02:43:49 01/31/2024		Mongoose connection opened
02:45:51 01/31/2024		Mongoose connection opened
02:52:53 01/31/2024		Mongoose connection opened
02:54:18 01/31/2024		Mongoose connection opened
02:54:56 01/31/2024		Mongoose connection opened
02:55:33 01/31/2024		Mongoose connection opened
02:55:53 01/31/2024		Mongoose connection opened
02:56:24 01/31/2024		Mongoose connection opened
02:56:56 01/31/2024		Mongoose connection opened
02:58:27 01/31/2024		Mongoose connection opened
03:01:06 01/31/2024		Mongoose connection opened
03:02:32 01/31/2024		Mongoose connection opened
03:03:00 01/31/2024		Mongoose connection opened
03:04:25 01/31/2024		Mongoose connection opened
03:05:40 01/31/2024		Mongoose connection opened
03:06:36 01/31/2024		Mongoose connection opened
03:07:34 01/31/2024		Mongoose connection opened
22:03:45 01/31/2024		Mongoose connection opened
22:05:03 01/31/2024		Mongoose connection opened
22:08:34 01/31/2024		Mongoose connection opened
22:09:25 01/31/2024		Mongoose connection opened
22:16:25 01/31/2024		Mongoose connection opened
22:16:49 01/31/2024		Mongoose connection opened
22:17:08 01/31/2024		Mongoose connection opened
22:18:18 01/31/2024		Mongoose connection opened
22:25:01 01/31/2024		Mongoose connection opened
22:25:50 01/31/2024		Mongoose connection opened
22:29:01 01/31/2024		Mongoose connection opened
22:32:28 01/31/2024		Mongoose connection opened
22:39:06 01/31/2024		Mongoose connection opened
22:41:00 01/31/2024		Mongoose connection opened
22:51:03 01/31/2024		Mongoose connection opened
22:58:24 01/31/2024		Mongoose connection opened
23:14:20 01/31/2024		Mongoose connection opened
23:14:52 01/31/2024		Mongoose connection opened
23:18:46 01/31/2024		Mongoose connection opened
23:19:23 01/31/2024		Mongoose connection opened
23:36:45 01/31/2024		Mongoose connection opened
23:37:19 01/31/2024		Mongoose connection opened
08:50:21 02/01/2024		Mongoose connection opened
08:55:22 02/01/2024		Mongoose connection opened
09:02:38 02/01/2024		Mongoose connection opened
09:09:47 02/01/2024		Mongoose connection opened
09:12:24 02/01/2024		Mongoose connection opened
09:13:43 02/01/2024		Mongoose connection opened
09:16:35 02/01/2024		Mongoose connection opened
09:41:08 02/01/2024		Mongoose connection opened
09:43:36 02/01/2024		Mongoose connection opened
09:43:54 02/01/2024		Mongoose connection opened
09:59:03 02/01/2024		Mongoose connection opened
10:01:19 02/01/2024		Mongoose connection opened
10:05:20 02/01/2024		Mongoose connection opened
10:07:29 02/01/2024		Mongoose connection opened
10:56:53 02/01/2024		Mongoose connection opened
10:58:18 02/01/2024		Mongoose connection opened
11:17:19 02/01/2024		Mongoose connection opened
11:17:36 02/01/2024		Mongoose connection opened
11:20:38 02/01/2024		Mongoose connection opened
11:22:45 02/01/2024		Mongoose connection opened
11:23:22 02/01/2024		Mongoose connection opened
11:24:05 02/01/2024		Mongoose connection opened
11:24:36 02/01/2024		Mongoose connection opened
12:11:40 02/01/2024		Mongoose connection opened
12:18:16 02/01/2024		Mongoose connection opened
12:19:57 02/01/2024		Mongoose connection opened
12:23:41 02/01/2024		Mongoose connection opened
12:24:06 02/01/2024		Mongoose connection opened
12:31:10 02/01/2024		Mongoose connection opened
12:34:27 02/01/2024		Mongoose connection opened
12:39:34 02/01/2024		Mongoose connection opened
12:44:13 02/01/2024		Mongoose connection opened
12:44:51 02/01/2024		Mongoose connection opened
12:47:50 02/01/2024		Mongoose connection opened
12:48:07 02/01/2024		Mongoose connection opened
12:53:24 02/01/2024		Mongoose connection opened
12:54:19 02/01/2024		Mongoose connection opened
12:56:19 02/01/2024		Mongoose connection opened
12:58:06 02/01/2024		Mongoose connection opened
12:58:58 02/01/2024		Mongoose connection opened
13:03:44 02/01/2024		Mongoose connection opened
13:07:50 02/01/2024		Mongoose connection opened
13:08:10 02/01/2024		Mongoose connection opened
13:10:26 02/01/2024		Mongoose connection opened
13:16:56 02/01/2024		Mongoose connection opened
21:39:14 02/01/2024		Mongoose connection opened
21:41:00 02/01/2024		Mongoose connection opened
21:44:48 02/01/2024		Mongoose connection opened
21:48:12 02/01/2024		Mongoose connection opened
21:53:58 02/01/2024		Mongoose connection opened
21:55:45 02/01/2024		Mongoose connection opened
22:00:16 02/01/2024		Mongoose connection opened
22:00:42 02/01/2024		Mongoose connection opened
22:06:07 02/01/2024		Mongoose connection opened
22:08:14 02/01/2024		Mongoose connection opened
22:12:09 02/01/2024		Mongoose connection opened
22:14:20 02/01/2024		Mongoose connection opened
22:15:36 02/01/2024		Mongoose connection opened
22:15:59 02/01/2024		Mongoose connection opened
22:18:31 02/01/2024		Mongoose connection opened
22:20:01 02/01/2024		Mongoose connection opened
22:22:11 02/01/2024		Mongoose connection opened
22:22:23 02/01/2024		Mongoose connection opened
22:31:27 02/01/2024		Mongoose connection opened
22:38:12 02/01/2024		Mongoose connection opened
22:41:52 02/01/2024		Mongoose connection opened
22:50:14 02/01/2024		Mongoose connection opened
22:55:47 02/01/2024		Mongoose connection opened
22:57:29 02/01/2024		Mongoose connection opened
22:59:02 02/01/2024		Mongoose connection opened
23:34:33 02/01/2024		Mongoose connection opened
23:35:16 02/01/2024		Mongoose connection opened
23:37:21 02/01/2024		Mongoose connection opened
23:42:25 02/01/2024		Mongoose connection opened
23:44:31 02/01/2024		Mongoose connection opened
23:47:40 02/01/2024		Mongoose connection opened
23:49:39 02/01/2024		Mongoose connection opened
23:56:57 02/01/2024		Mongoose connection opened
23:59:52 02/01/2024		Mongoose connection opened
00:00:40 02/02/2024		Mongoose connection opened
00:05:01 02/02/2024		Mongoose connection opened
00:06:10 02/02/2024		Mongoose connection opened
00:06:34 02/02/2024		Mongoose connection opened
00:07:26 02/02/2024		Mongoose connection opened
00:08:23 02/02/2024		Mongoose connection opened
00:09:36 02/02/2024		Mongoose connection opened
00:11:49 02/02/2024		Mongoose connection opened
00:15:11 02/02/2024		Mongoose connection opened
00:18:59 02/02/2024		Mongoose connection opened
00:25:20 02/02/2024		Mongoose connection opened
00:27:34 02/02/2024		Mongoose connection opened
00:29:00 02/02/2024		Mongoose connection opened
00:29:23 02/02/2024		Mongoose connection opened
00:31:33 02/02/2024		Mongoose connection opened
00:32:48 02/02/2024		Mongoose connection opened
00:43:45 02/02/2024		Mongoose connection opened
00:49:35 02/02/2024		Mongoose connection opened
00:54:40 02/02/2024		Mongoose connection opened
00:55:47 02/02/2024		Mongoose connection opened
01:09:06 02/02/2024		Mongoose connection opened
01:13:35 02/02/2024		Mongoose connection opened
01:20:11 02/02/2024		Mongoose connection opened
23:07:10 02/03/2024		Mongoose connection opened
23:09:43 02/03/2024		Mongoose connection opened
23:41:57 02/03/2024		Mongoose connection opened
23:42:40 02/03/2024		Mongoose connection opened
23:43:18 02/03/2024		Mongoose connection opened
23:44:18 02/03/2024		Mongoose connection opened
00:08:32 02/04/2024		Mongoose connection opened
01:08:55 02/04/2024		Mongoose connection opened
15:49:28 02/04/2024		Mongoose connection opened
17:43:28 02/04/2024		Mongoose connection opened
17:44:25 02/04/2024		Mongoose connection opened
17:46:33 02/04/2024		Mongoose connection opened
17:53:13 02/04/2024		Mongoose connection opened
18:00:47 02/04/2024		Mongoose connection opened
21:07:40 02/04/2024		Mongoose connection opened
21:08:44 02/04/2024		Mongoose connection opened
21:24:07 02/04/2024		Mongoose connection opened
21:24:15 02/04/2024		Mongoose connection opened
21:24:19 02/04/2024		Mongoose connection opened
21:24:22 02/04/2024		Mongoose connection opened
21:25:53 02/04/2024		Mongoose connection opened
21:26:39 02/04/2024		Mongoose connection opened
21:26:44 02/04/2024		Mongoose connection opened
21:26:55 02/04/2024		Mongoose connection opened
21:27:10 02/04/2024		Mongoose connection opened
21:27:15 02/04/2024		Mongoose connection opened
21:27:32 02/04/2024		Mongoose connection opened
21:27:41 02/04/2024		Mongoose connection opened
21:27:50 02/04/2024		Mongoose connection opened
21:27:59 02/04/2024		Mongoose connection opened
21:28:10 02/04/2024		Mongoose connection opened
21:28:21 02/04/2024		Mongoose connection opened
21:28:37 02/04/2024		Mongoose connection opened
21:28:48 02/04/2024		Mongoose connection opened
21:30:12 02/04/2024		Mongoose connection opened
21:30:17 02/04/2024		Mongoose connection opened
21:30:27 02/04/2024		Mongoose connection opened
21:30:50 02/04/2024		Mongoose connection opened
21:31:27 02/04/2024		Mongoose connection opened
21:31:32 02/04/2024		Mongoose connection opened
21:31:58 02/04/2024		Mongoose connection opened
21:32:10 02/04/2024		Mongoose connection opened
21:32:27 02/04/2024		Mongoose connection opened
21:32:30 02/04/2024		Mongoose connection opened
21:33:39 02/04/2024		Mongoose connection opened
21:33:47 02/04/2024		Mongoose connection opened
21:37:27 02/04/2024		Mongoose connection opened
21:37:39 02/04/2024		Mongoose connection opened
21:37:42 02/04/2024		Mongoose connection opened
21:37:46 02/04/2024		Mongoose connection opened
21:37:51 02/04/2024		Mongoose connection opened
21:37:55 02/04/2024		Mongoose connection opened
21:37:59 02/04/2024		Mongoose connection opened
21:38:09 02/04/2024		Mongoose connection opened
21:39:01 02/04/2024		Mongoose connection opened
21:39:08 02/04/2024		Mongoose connection opened
21:39:22 02/04/2024		Mongoose connection opened
21:39:27 02/04/2024		Mongoose connection opened
21:39:33 02/04/2024		Mongoose connection opened
21:39:47 02/04/2024		Mongoose connection opened
21:45:34 02/04/2024		Mongoose connection opened
21:46:12 02/04/2024		Mongoose connection opened
22:28:56 02/04/2024		Mongoose connection opened
22:29:52 02/04/2024		Mongoose connection opened
22:32:34 02/04/2024		Mongoose connection opened
22:34:08 02/04/2024		Mongoose connection opened
22:34:16 02/04/2024		Mongoose connection opened
22:34:46 02/04/2024		Mongoose connection opened
10:39:18 02/05/2024		Mongoose connection opened
10:42:38 02/05/2024		Mongoose connection opened
16:25:00 02/05/2024		Mongoose connection opened
16:27:46 02/05/2024		Mongoose connection opened
16:31:35 02/05/2024		Mongoose connection opened
16:31:58 02/05/2024		Mongoose connection opened
23:59:36 02/05/2024		Mongoose connection opened
01:48:50 02/06/2024		Mongoose connection opened
11:28:46 02/06/2024		Mongoose connection opened
13:17:18 02/06/2024		Mongoose connection opened
14:12:17 02/06/2024		Mongoose connection opened
14:13:21 02/06/2024		Mongoose connection opened
09:11:14 02/07/2024		Mongoose connection opened
09:14:25 02/07/2024		Mongoose connection opened
09:14:31 02/07/2024		Mongoose connection opened
09:14:38 02/07/2024		Mongoose connection opened
09:15:07 02/07/2024		Mongoose connection opened
09:15:20 02/07/2024		Mongoose connection opened
21:50:31 02/07/2024		Mongoose connection opened
21:52:57 02/07/2024		Mongoose connection opened
21:53:16 02/07/2024		Mongoose connection opened
22:06:43 02/07/2024		Mongoose connection opened
22:32:20 02/07/2024		Mongoose connection opened
23:28:39 02/07/2024		Mongoose connection opened
09:10:31 02/08/2024		Mongoose connection opened
22:46:52 02/08/2024		Mongoose connection opened
22:47:30 02/08/2024		Mongoose connection opened
22:50:52 02/08/2024		Mongoose connection opened
22:52:08 02/08/2024		Mongoose connection opened
22:52:35 02/08/2024		Mongoose connection opened
22:54:07 02/08/2024		Mongoose connection opened
22:54:28 02/08/2024		Mongoose connection opened
22:54:58 02/08/2024		Mongoose connection opened
22:56:43 02/08/2024		Mongoose connection opened
01:14:46 02/09/2024		Mongoose connection opened
01:16:21 02/09/2024		Mongoose connection opened
01:29:54 02/09/2024		Mongoose connection opened
01:32:03 02/09/2024		Mongoose connection opened
01:32:11 02/09/2024		Mongoose connection opened
01:33:12 02/09/2024		Mongoose connection opened
01:34:34 02/09/2024		Mongoose connection opened
02:03:10 02/09/2024		Mongoose connection opened
09:45:56 02/09/2024		Mongoose connection opened
09:56:18 02/09/2024		Mongoose connection opened
09:56:56 02/09/2024		Mongoose connection opened
10:29:25 02/09/2024		Mongoose connection opened
11:10:00 02/09/2024		Mongoose connection opened
11:10:38 02/09/2024		Mongoose connection opened
11:13:18 02/09/2024		Mongoose connection opened
11:15:12 02/09/2024		Mongoose connection opened
11:22:41 02/09/2024		Mongoose connection opened
12:56:52 02/09/2024		Mongoose connection opened
07:32:56 02/10/2024		Mongoose connection opened
08:34:44 02/10/2024		Mongoose connection opened
08:37:25 02/10/2024		Mongoose connection opened
08:40:33 02/10/2024		Mongoose connection opened
08:45:28 02/10/2024		Mongoose connection opened
08:47:47 02/10/2024		Mongoose connection opened
08:49:38 02/10/2024		Mongoose connection opened
08:58:27 02/10/2024		Mongoose connection opened
08:58:59 02/10/2024		Mongoose connection opened
09:01:21 02/10/2024		Mongoose connection opened
09:04:09 02/10/2024		Mongoose connection opened
09:09:21 02/10/2024		Mongoose connection opened
09:09:56 02/10/2024		Mongoose connection opened
09:11:40 02/10/2024		Mongoose connection opened
09:51:07 02/10/2024		Mongoose connection opened
23:01:07 02/16/2024		Mongoose connection opened
01:23:40 02/17/2024		Mongoose connection opened
09:49:37 02/17/2024		Mongoose connection opened
23:18:54 02/17/2024		Mongoose connection opened
00:34:40 02/18/2024		Mongoose connection opened
15:38:47 02/18/2024		Mongoose connection opened
16:33:32 02/18/2024		Mongoose connection opened
11:12:05 02/19/2024		Mongoose connection opened
11:21:37 02/19/2024		Mongoose connection opened
11:21:53 02/19/2024		Mongoose connection opened
11:22:16 02/19/2024		Mongoose connection opened
11:22:51 02/19/2024		Mongoose connection opened
12:07:44 02/19/2024		Mongoose Disconnected
12:07:44 02/19/2024		Mongoose connection error MongoServerSelectionError: Server selection timed out after 30000 ms
12:08:40 02/19/2024		Mongoose Disconnected
12:08:40 02/19/2024		Mongoose connection error MongoServerSelectionError: Server selection timed out after 30000 ms
12:12:01 02/19/2024		Mongoose connection opened
12:17:57 02/19/2024		Mongoose Disconnected
12:18:07 02/19/2024		Mongoose connection opened
12:19:36 02/19/2024		Mongoose Disconnected
13:16:59 02/19/2024		Mongoose connection opened
21:31:57 02/19/2024		Mongoose connection opened
22:27:08 02/19/2024		Mongoose connection opened
23:06:30 02/19/2024		Mongoose connection opened
23:29:53 02/19/2024		Mongoose connection opened
23:40:37 02/19/2024		Mongoose connection opened
08:57:28 02/20/2024		Mongoose connection opened
21:03:38 02/20/2024		Mongoose connection opened
21:12:06 02/20/2024		Mongoose connection opened
23:01:20 02/20/2024		Mongoose connection opened
12:08:20 02/21/2024		Mongoose connection opened
12:33:33 02/21/2024		Mongoose connection opened
12:33:52 02/21/2024		Mongoose connection opened
12:36:05 02/21/2024		Mongoose connection opened
12:39:33 02/21/2024		Mongoose connection opened
12:40:58 02/21/2024		Mongoose connection opened
12:42:07 02/21/2024		Mongoose connection opened
12:43:14 02/21/2024		Mongoose connection opened
12:47:27 02/21/2024		Mongoose connection opened
12:59:00 02/21/2024		Mongoose connection opened
12:59:57 02/21/2024		Mongoose connection opened
23:42:38 03/05/2024		Mongoose connection opened
23:47:35 03/05/2024		Mongoose connection opened
23:52:12 03/05/2024		Mongoose connection opened
23:54:19 03/05/2024		Mongoose connection opened
00:00:54 03/06/2024		Mongoose connection opened
00:01:25 03/06/2024		Mongoose connection opened
00:06:00 03/06/2024		Mongoose connection opened
00:23:45 03/06/2024		Mongoose connection opened
00:23:52 03/06/2024		Mongoose connection opened
00:33:31 03/06/2024		Mongoose connection opened
00:41:11 03/06/2024		Mongoose connection opened
00:42:06 03/06/2024		Mongoose connection opened
00:43:35 03/06/2024		Mongoose connection opened
00:44:00 03/06/2024		Mongoose connection opened
00:46:20 03/06/2024		Mongoose connection opened
00:49:03 03/06/2024		Mongoose connection opened
00:49:23 03/06/2024		Mongoose connection opened
00:49:45 03/06/2024		Mongoose connection opened
00:51:45 03/06/2024		Mongoose connection opened
00:55:28 03/06/2024		Mongoose connection opened
01:03:39 03/06/2024		Mongoose connection opened
01:04:28 03/06/2024		Mongoose connection opened
02:45:27 03/06/2024		Mongoose connection opened
03:03:41 03/06/2024		Mongoose connection opened
03:13:02 03/06/2024		Mongoose connection opened
03:14:19 03/06/2024		Mongoose connection opened
03:18:08 03/06/2024		Mongoose connection opened
03:19:54 03/06/2024		Mongoose connection opened
08:28:29 03/06/2024		Mongoose Disconnected
08:28:39 03/06/2024		Mongoose connection opened
22:00:26 03/06/2024		Mongoose connection opened
22:18:36 03/06/2024		Mongoose connection opened
23:13:59 03/06/2024		Mongoose connection opened
23:15:27 03/06/2024		Mongoose connection opened
23:17:12 03/06/2024		Mongoose connection opened
23:19:59 03/06/2024		Mongoose connection opened
23:23:01 03/06/2024		Mongoose connection opened
23:24:02 03/06/2024		Mongoose connection opened
23:24:19 03/06/2024		Mongoose connection opened
23:27:35 03/06/2024		Mongoose connection opened
23:28:04 03/06/2024		Mongoose connection opened
00:38:11 03/07/2024		Mongoose connection opened
00:38:59 03/07/2024		Mongoose connection opened
00:42:40 03/07/2024		Mongoose connection opened
00:43:13 03/07/2024		Mongoose connection opened
00:43:21 03/07/2024		Mongoose connection opened
00:43:48 03/07/2024		Mongoose connection opened
00:44:14 03/07/2024		Mongoose connection opened
00:45:42 03/07/2024		Mongoose connection opened
00:46:13 03/07/2024		Mongoose connection opened
00:46:29 03/07/2024		Mongoose connection opened
00:46:36 03/07/2024		Mongoose connection opened
00:47:45 03/07/2024		Mongoose connection opened
00:47:55 03/07/2024		Mongoose connection opened
00:48:24 03/07/2024		Mongoose connection opened
00:49:09 03/07/2024		Mongoose connection opened
00:49:49 03/07/2024		Mongoose connection opened
00:50:33 03/07/2024		Mongoose connection opened
00:50:44 03/07/2024		Mongoose connection opened
00:50:54 03/07/2024		Mongoose connection opened
00:51:29 03/07/2024		Mongoose connection opened
00:53:14 03/07/2024		Mongoose connection opened
00:53:26 03/07/2024		Mongoose connection opened
00:54:53 03/07/2024		Mongoose connection opened
00:56:37 03/07/2024		Mongoose connection opened
00:57:09 03/07/2024		Mongoose connection opened
00:57:19 03/07/2024		Mongoose connection opened
01:01:52 03/07/2024		Mongoose connection opened
01:02:05 03/07/2024		Mongoose connection opened
01:09:29 03/07/2024		Mongoose connection opened
01:10:07 03/07/2024		Mongoose connection opened
01:10:35 03/07/2024		Mongoose connection opened
01:11:48 03/07/2024		Mongoose connection opened
01:13:39 03/07/2024		Mongoose connection opened
12:03:02 03/07/2024		Mongoose connection opened
12:03:58 03/07/2024		Mongoose connection opened
12:04:42 03/07/2024		Mongoose connection opened
12:05:32 03/07/2024		Mongoose connection opened
13:43:11 03/07/2024		Mongoose connection opened
13:48:12 03/07/2024		Mongoose connection opened
15:15:07 03/07/2024		Mongoose connection opened
15:45:32 03/07/2024		Mongoose connection opened
16:35:23 03/07/2024		Mongoose Disconnected
16:35:27 03/07/2024		Mongoose connection opened
21:23:24 03/07/2024		Mongoose connection opened
22:54:41 03/07/2024		Mongoose connection opened
23:03:51 03/07/2024		Mongoose connection opened
23:10:21 03/07/2024		Mongoose connection opened
23:46:58 03/07/2024		Mongoose connection opened
23:47:23 03/07/2024		Mongoose connection opened
23:51:29 03/07/2024		Mongoose connection opened
09:09:44 03/13/2024		Mongoose connection opened
12:34:04 03/29/2024		Mongoose connection opened
12:35:19 03/29/2024		Mongoose connection opened
12:46:12 03/29/2024		Mongoose connection opened
12:59:21 03/29/2024		Mongoose connection opened
20:58:37 03/29/2024		Mongoose connection opened
20:59:07 03/29/2024		Mongoose connection opened
21:00:14 03/29/2024		Mongoose connection opened
21:05:58 03/29/2024		Mongoose connection opened
23:42:22 03/29/2024		Mongoose connection opened
00:04:34 03/30/2024		Mongoose connection opened
16:03:28 03/30/2024		Mongoose connection opened
