10:09:49 01/19/2024	method:GET	url:/api/v1/auth/login	origin:undefined
22:16:04 01/20/2024	method:GET	url:/	origin:undefined
22:16:04 01/20/2024	method:GET	url:/	origin:undefined
23:22:28 01/20/2024	method:GET	url:/api/v1/auth/login	origin:undefined
23:25:39 01/20/2024	method:GET	url:/api/v1/auth/login	origin:undefined
23:31:27 01/20/2024	method:GET	url:/api/v1/auth/login	origin:undefined
23:37:55 01/20/2024	method:GET	url:/api/v1/auth/login	origin:undefined
23:38:00 01/20/2024	method:GET	url:/api/v1/auth/login	origin:undefined
23:41:17 01/20/2024	method:GET	url:/api/v1/auth/login	origin:undefined
23:41:54 01/20/2024	method:GET	url:/api/v1/auth/login	origin:undefined
23:41:56 01/20/2024	method:GET	url:/api/v1/auth/login	origin:undefined
23:41:57 01/20/2024	method:GET	url:/api/v1/auth/login	origin:undefined
23:42:01 01/20/2024	method:GET	url:/api/v1/auth/login	origin:undefined
23:42:02 01/20/2024	method:GET	url:/api/v1/auth/login	origin:undefined
23:42:11 01/20/2024	method:GET	url:/api/v1/auth/login	origin:undefined
23:46:10 01/20/2024	method:GET	url:/api/v1/auth/login	origin:undefined
23:46:21 01/20/2024	method:GET	url:/api/v1/auth/login	origin:undefined
01:29:55 01/21/2024	method:GET	url:/api/v1/auth/login	origin:undefined
01:30:55 01/21/2024	method:GET	url:/api/v1/auth/login	origin:undefined
01:31:11 01/21/2024	method:GET	url:/api/v1/auth/login	origin:undefined
01:31:56 01/21/2024	method:GET	url:/api/v1/auth/login	origin:undefined
01:35:17 01/21/2024	method:GET	url:/api/v1/auth/login	origin:undefined
01:35:23 01/21/2024	method:GET	url:/api/v1/auth/login	origin:undefined
01:35:31 01/21/2024	method:GET	url:/api/v1/auth/login	origin:undefined
01:38:39 01/21/2024	method:GET	url:/api/v1/auth/login	origin:undefined
01:38:42 01/21/2024	method:GET	url:/api/v1/auth/login	origin:undefined
01:39:00 01/21/2024	method:GET	url:/api/v1/auth/login	origin:undefined
11:04:01 01/21/2024	method:GET	url:/api/v1/auth/login	origin:undefined
11:06:32 01/21/2024	method:GET	url:/api/v1/auth/login	origin:undefined
11:07:07 01/21/2024	method:GET	url:/api/v1/auth/login	origin:undefined
11:07:09 01/21/2024	method:GET	url:/api/v1/auth/login	origin:undefined
11:07:15 01/21/2024	method:GET	url:/api/v1/auth/login	origin:undefined
11:07:24 01/21/2024	method:GET	url:/api/v1/auth/login	origin:undefined
11:11:25 01/21/2024	method:GET	url:/api/v1/auth/login	origin:undefined
11:15:08 01/21/2024	method:GET	url:/api/v1/auth/login	origin:undefined
11:15:44 01/21/2024	method:GET	url:/api/v1/auth/login	origin:undefined
11:15:52 01/21/2024	method:GET	url:/api/v1/auth/login	origin:undefined
11:25:20 01/21/2024	method:GET	url:/api/v1/auth/login	origin:undefined
11:27:45 01/21/2024	method:GET	url:/api/v1/auth/login	origin:undefined
11:28:00 01/21/2024	method:GET	url:/api/v1/auth/login	origin:undefined
11:29:32 01/21/2024	method:GET	url:/api/v1/auth/login	origin:undefined
11:29:35 01/21/2024	method:GET	url:/api/v1/auth/login	origin:undefined
11:29:40 01/21/2024	method:GET	url:/api/v1/auth/login	origin:undefined
11:29:45 01/21/2024	method:GET	url:/api/v1/auth/login	origin:undefined
11:38:27 01/21/2024	method:GET	url:/api/v1/auth/login	origin:undefined
11:38:39 01/21/2024	method:GET	url:/api/v1/auth/login	origin:undefined
11:39:56 01/21/2024	method:GET	url:/api/v1/auth/login	origin:undefined
11:40:59 01/21/2024	method:GET	url:/api/v1/auth/login	origin:undefined
11:41:11 01/21/2024	method:GET	url:/api/v1/auth/login	origin:undefined
11:41:18 01/21/2024	method:GET	url:/api/v1/auth/login	origin:undefined
11:41:50 01/21/2024	method:GET	url:/api/v1/auth/login	origin:undefined
11:48:09 01/21/2024	method:GET	url:/api/v1/auth/login	origin:undefined
11:48:29 01/21/2024	method:GET	url:/api/v1/auth/login	origin:undefined
11:48:36 01/21/2024	method:GET	url:/api/v1/auth/login	origin:undefined
11:49:03 01/21/2024	method:GET	url:/api/v1/auth/login	origin:undefined
11:49:55 01/21/2024	method:GET	url:/api/v1/auth/login	origin:undefined
11:50:12 01/21/2024	method:GET	url:/api/v1/auth/login	origin:undefined
11:50:20 01/21/2024	method:GET	url:/api/v1/auth/login	origin:undefined
11:53:36 01/21/2024	method:GET	url:/api/v1/auth/login	origin:undefined
11:53:43 01/21/2024	method:GET	url:/api/v1/auth/login	origin:undefined
11:54:33 01/21/2024	method:GET	url:/api/v1/auth/login	origin:undefined
11:54:41 01/21/2024	method:GET	url:/api/v1/auth/login	origin:undefined
11:54:49 01/21/2024	method:GET	url:/api/v1/auth/login	origin:undefined
11:55:12 01/21/2024	method:GET	url:/api/v1/auth/login	origin:undefined
11:55:18 01/21/2024	method:GET	url:/api/v1/auth/login	origin:undefined
11:55:55 01/21/2024	method:GET	url:/api/v1/auth/login	origin:undefined
11:56:08 01/21/2024	method:GET	url:/api/v1/auth/login	origin:undefined
11:56:16 01/21/2024	method:GET	url:/api/v1/auth/login	origin:undefined
11:56:22 01/21/2024	method:GET	url:/api/v1/auth/login	origin:undefined
11:56:28 01/21/2024	method:GET	url:/api/v1/auth/login	origin:undefined
11:56:33 01/21/2024	method:GET	url:/api/v1/auth/login	origin:undefined
11:56:43 01/21/2024	method:GET	url:/api/v1/auth/login	origin:undefined
11:56:49 01/21/2024	method:GET	url:/api/v1/auth/login	origin:undefined
11:57:15 01/21/2024	method:GET	url:/api/v1/auth/login	origin:undefined
11:57:31 01/21/2024	method:GET	url:/api/v1/auth/login	origin:undefined
11:58:02 01/21/2024	method:GET	url:/api/v1/auth/login	origin:undefined
11:58:02 01/21/2024	method:GET	url:/api/v1/auth/login	origin:undefined
11:58:03 01/21/2024	method:GET	url:/api/v1/auth/login	origin:undefined
11:58:16 01/21/2024	method:GET	url:/api/v1/auth/login	origin:undefined
11:58:42 01/21/2024	method:GET	url:/api/v1/auth/login	origin:undefined
11:59:02 01/21/2024	method:GET	url:/api/v1/auth/login	origin:undefined
11:59:29 01/21/2024	method:GET	url:/api/v1/auth/login	origin:undefined
11:59:58 01/21/2024	method:GET	url:/api/v1/auth/login	origin:undefined
12:00:03 01/21/2024	method:GET	url:/api/v1/auth/login	origin:undefined
12:03:27 01/21/2024	method:GET	url:/api/v1/auth/login	origin:undefined
12:04:11 01/21/2024	method:GET	url:/api/v1/auth/login	origin:undefined
12:07:04 01/21/2024	method:GET	url:/api/v1/auth/login	origin:undefined
12:15:01 01/21/2024	method:GET	url:/api/v1/auth/login	origin:undefined
12:15:04 01/21/2024	method:GET	url:/api/v1/auth/login	origin:undefined
12:15:31 01/21/2024	method:GET	url:/api/v1/auth/login	origin:undefined
12:16:24 01/21/2024	method:GET	url:/api/v1/auth/login	origin:undefined
12:16:31 01/21/2024	method:GET	url:/api/v1/auth/login	origin:undefined
12:16:36 01/21/2024	method:GET	url:/api/v1/auth/login	origin:undefined
12:17:41 01/21/2024	method:GET	url:/api/v1/auth/login	origin:undefined
12:19:30 01/21/2024	method:GET	url:/api/v1/auth/login	origin:undefined
12:20:10 01/21/2024	method:GET	url:/api/v1/auth/login	origin:undefined
12:20:14 01/21/2024	method:GET	url:/api/v1/auth/login	origin:undefined
12:20:20 01/21/2024	method:GET	url:/api/v1/auth/login	origin:undefined
12:20:22 01/21/2024	method:GET	url:/api/v1/auth/login	origin:undefined
12:21:07 01/21/2024	method:GET	url:/api/v1/auth/login	origin:undefined
12:21:10 01/21/2024	method:GET	url:/api/v1/auth/login	origin:undefined
12:24:32 01/21/2024	method:GET	url:/api/v1/auth/login	origin:undefined
12:25:42 01/21/2024	method:GET	url:/api/v1/auth/login	origin:undefined
12:25:43 01/21/2024	method:GET	url:/api/v1/auth/login	origin:undefined
12:26:12 01/21/2024	method:GET	url:/api/v1/auth/login	origin:undefined
12:26:53 01/21/2024	method:GET	url:/api/v1/auth/login	origin:undefined
12:26:54 01/21/2024	method:GET	url:/api/v1/auth/login	origin:undefined
12:30:19 01/21/2024	method:GET	url:/api/v1/auth/login	origin:undefined
12:30:35 01/21/2024	method:GET	url:/api/v1/auth/login	origin:undefined
12:30:36 01/21/2024	method:GET	url:/api/v1/auth/login	origin:undefined
12:31:07 01/21/2024	method:GET	url:/api/v1/auth/login	origin:undefined
12:31:14 01/21/2024	method:GET	url:/api/v1/auth/login	origin:undefined
12:31:15 01/21/2024	method:GET	url:/api/v1/auth/login	origin:undefined
12:31:16 01/21/2024	method:GET	url:/api/v1/auth/login	origin:undefined
22:22:57 01/21/2024	method:GET	url:/api/v1/auth/login	origin:undefined
22:22:58 01/21/2024	method:GET	url:/api/v1/auth/login	origin:undefined
22:24:08 01/21/2024	method:GET	url:/api/v1/auth/login	origin:undefined
22:27:32 01/21/2024	method:GET	url:/api/v1/auth/login	origin:undefined
22:28:14 01/21/2024	method:GET	url:/api/v1/auth/login	origin:undefined
22:28:15 01/21/2024	method:GET	url:/api/v1/auth/login	origin:undefined
22:28:16 01/21/2024	method:GET	url:/api/v1/auth/login	origin:undefined
22:28:28 01/21/2024	method:GET	url:/api/v1/auth/login	origin:undefined
22:28:29 01/21/2024	method:GET	url:/api/v1/auth/login	origin:undefined
22:28:42 01/21/2024	method:GET	url:/api/v1/auth/login	origin:undefined
22:28:43 01/21/2024	method:GET	url:/api/v1/auth/login	origin:undefined
22:28:55 01/21/2024	method:GET	url:/api/v1/auth/login	origin:undefined
22:29:13 01/21/2024	method:GET	url:/api/v1/auth/login	origin:undefined
22:29:14 01/21/2024	method:GET	url:/api/v1/auth/login	origin:undefined
22:29:58 01/21/2024	method:GET	url:/api/v1/auth/login	origin:undefined
22:31:41 01/21/2024	method:GET	url:/api/v1/auth/login	origin:undefined
22:31:43 01/21/2024	method:GET	url:/api/v1/auth/login	origin:undefined
22:31:44 01/21/2024	method:GET	url:/api/v1/auth/login	origin:undefined
22:48:16 01/21/2024	method:GET	url:/api/v1/auth/login	origin:undefined
22:48:49 01/21/2024	method:GET	url:/api/v1/auth/login	origin:undefined
22:49:17 01/21/2024	method:GET	url:/api/v1/auth/login	origin:undefined
22:49:19 01/21/2024	method:GET	url:/api/v1/auth/login	origin:undefined
22:49:20 01/21/2024	method:GET	url:/api/v1/auth/login	origin:undefined
22:49:20 01/21/2024	method:GET	url:/api/v1/auth/login	origin:undefined
22:49:21 01/21/2024	method:GET	url:/api/v1/auth/login	origin:undefined
22:50:37 01/21/2024	method:GET	url:/api/v1/auth/login	origin:undefined
22:50:38 01/21/2024	method:GET	url:/api/v1/auth/login	origin:undefined
22:55:21 01/21/2024	method:GET	url:/api/v1/auth/login	origin:undefined
22:55:22 01/21/2024	method:GET	url:/api/v1/auth/login	origin:undefined
22:55:23 01/21/2024	method:GET	url:/api/v1/auth/login	origin:undefined
22:55:23 01/21/2024	method:GET	url:/api/v1/auth/login	origin:undefined
22:55:24 01/21/2024	method:GET	url:/api/v1/auth/login	origin:undefined
22:55:24 01/21/2024	method:GET	url:/api/v1/auth/login	origin:undefined
22:55:25 01/21/2024	method:GET	url:/api/v1/auth/login	origin:undefined
22:55:25 01/21/2024	method:GET	url:/api/v1/auth/login	origin:undefined
22:55:26 01/21/2024	method:GET	url:/api/v1/auth/login	origin:undefined
22:56:00 01/21/2024	method:GET	url:/api/v1/auth/login	origin:undefined
22:56:02 01/21/2024	method:GET	url:/api/v1/auth/login	origin:undefined
22:56:33 01/21/2024	method:GET	url:/api/v1/auth/login	origin:undefined
22:56:35 01/21/2024	method:GET	url:/api/v1/auth/login	origin:undefined
23:01:14 01/21/2024	method:GET	url:/api/v1/auth/login	origin:undefined
23:01:30 01/21/2024	method:GET	url:/api/v1/auth/login	origin:undefined
23:02:59 01/21/2024	method:GET	url:/api/v1/auth/login	origin:undefined
23:03:46 01/21/2024	method:GET	url:/api/v1/auth/login	origin:undefined
23:03:48 01/21/2024	method:GET	url:/api/v1/auth/login	origin:undefined
23:03:58 01/21/2024	method:GET	url:/api/v1/auth/login	origin:undefined
23:04:15 01/21/2024	method:GET	url:/api/v1/auth/login	origin:undefined
23:05:13 01/21/2024	method:GET	url:/api/v1/auth/login	origin:undefined
23:06:28 01/21/2024	method:GET	url:/api/v1/auth/login	origin:undefined
23:06:35 01/21/2024	method:GET	url:/api/v1/auth/login	origin:undefined
23:06:36 01/21/2024	method:GET	url:/api/v1/auth/login	origin:undefined
23:07:06 01/21/2024	method:GET	url:/api/v1/auth/login	origin:undefined
23:10:14 01/21/2024	method:GET	url:/api/v1/auth/login	origin:undefined
23:10:15 01/21/2024	method:GET	url:/api/v1/auth/login	origin:undefined
23:59:15 01/21/2024	method:GET	url:/api/v1/auth/login	origin:undefined
23:59:23 01/21/2024	method:GET	url:/api/v1/auth/login	origin:undefined
00:00:07 01/22/2024	method:GET	url:/api/v1/auth/login	origin:undefined
00:01:13 01/22/2024	method:GET	url:/api/v1/auth/login	origin:undefined
00:04:06 01/22/2024	method:GET	url:/api/v1/auth/login	origin:undefined
00:04:24 01/22/2024	method:GET	url:/api/v1/auth/login	origin:undefined
00:04:29 01/22/2024	method:GET	url:/api/v1/auth/login	origin:undefined
00:06:28 01/22/2024	method:GET	url:/api/v1/auth/login	origin:undefined
00:06:34 01/22/2024	method:GET	url:/api/v1/auth/login	origin:undefined
00:07:27 01/22/2024	method:GET	url:/api/v1/auth/login	origin:undefined
00:17:47 01/22/2024	method:GET	url:/api/v1/auth/login	origin:undefined
00:18:07 01/22/2024	method:GET	url:/api/v1/auth/login	origin:undefined
00:18:48 01/22/2024	method:GET	url:/api/v1/auth/login	origin:undefined
00:18:49 01/22/2024	method:GET	url:/api/v1/auth/login	origin:undefined
00:19:55 01/22/2024	method:GET	url:/api/v1/auth/login	origin:undefined
00:20:19 01/22/2024	method:GET	url:/api/v1/auth/login	origin:undefined
00:20:31 01/22/2024	method:GET	url:/api/v1/auth/login	origin:undefined
00:21:03 01/22/2024	method:GET	url:/api/v1/auth/login	origin:undefined
00:21:44 01/22/2024	method:GET	url:/api/v1/auth/login	origin:undefined
00:27:48 01/22/2024	method:GET	url:/api/v1/auth/login	origin:undefined
00:28:22 01/22/2024	method:GET	url:/api/v1/auth/login	origin:undefined
00:31:25 01/22/2024	method:GET	url:/api/v1/auth/login	origin:undefined
00:50:30 01/22/2024	method:GET	url:/api/v1/auth/login	origin:undefined
00:50:33 01/22/2024	method:GET	url:/api/v1/auth/login	origin:undefined
00:50:34 01/22/2024	method:GET	url:/api/v1/auth/login	origin:undefined
00:50:56 01/22/2024	method:GET	url:/api/v1/auth/login	origin:undefined
01:11:02 01/22/2024	method:GET	url:/api/v1/auth/login	origin:undefined
01:11:03 01/22/2024	method:GET	url:/api/v1/auth/login	origin:undefined
01:31:36 01/22/2024	method:GET	url:/api/v1/auth/login	origin:undefined
01:31:38 01/22/2024	method:GET	url:/api/v1/auth/login	origin:undefined
01:32:20 01/22/2024	method:GET	url:/api/v1/auth/login	origin:undefined
01:32:22 01/22/2024	method:GET	url:/api/v1/auth/login	origin:undefined
01:32:50 01/22/2024	method:GET	url:/api/v1/auth/login	origin:undefined
01:33:19 01/22/2024	method:GET	url:/api/v1/auth/login	origin:undefined
01:34:19 01/22/2024	method:GET	url:/api/v1/auth/login	origin:undefined
01:36:09 01/22/2024	method:GET	url:/api/v1/auth/login	origin:undefined
01:36:11 01/22/2024	method:GET	url:/api/v1/auth/login	origin:undefined
01:40:26 01/22/2024	method:GET	url:/api/v1/auth/login	origin:undefined
01:40:27 01/22/2024	method:GET	url:/api/v1/auth/login	origin:undefined
01:41:06 01/22/2024	method:GET	url:/api/v1/auth/login	origin:undefined
01:41:07 01/22/2024	method:GET	url:/api/v1/auth/login	origin:undefined
01:41:23 01/22/2024	method:GET	url:/api/v1/auth/login	origin:undefined
01:41:24 01/22/2024	method:GET	url:/api/v1/auth/login	origin:undefined
01:41:54 01/22/2024	method:GET	url:/api/v1/auth/login	origin:undefined
01:42:10 01/22/2024	method:GET	url:/api/v1/auth/login	origin:undefined
01:42:11 01/22/2024	method:GET	url:/api/v1/auth/login	origin:undefined
01:43:02 01/22/2024	method:GET	url:/api/v1/auth/login	origin:undefined
01:43:19 01/22/2024	method:GET	url:/api/v1/auth/login	origin:undefined
01:46:02 01/22/2024	method:GET	url:/api/v1/auth/login	origin:undefined
01:47:00 01/22/2024	method:GET	url:/api/v1/auth/login	origin:undefined
01:47:14 01/22/2024	method:GET	url:/api/v1/auth/login	origin:undefined
01:53:16 01/22/2024	method:GET	url:/api/v1/auth/login	origin:undefined
13:14:34 01/22/2024	method:GET	url:/api/v1/auth/login	origin:undefined
13:34:06 01/22/2024	method:GET	url:/api/v1/auth/login	origin:undefined
13:34:12 01/22/2024	method:GET	url:/api/v1/auth/login	origin:undefined
13:34:16 01/22/2024	method:GET	url:/api/v1/auth/login	origin:undefined
13:36:56 01/22/2024	method:GET	url:/api/v1/auth/login	origin:undefined
13:36:58 01/22/2024	method:GET	url:/api/v1/auth/login	origin:undefined
13:38:01 01/22/2024	method:GET	url:/api/v1/auth/login	origin:undefined
13:38:03 01/22/2024	method:GET	url:/api/v1/auth/login	origin:undefined
13:38:37 01/22/2024	method:GET	url:/api/v1/auth/login	origin:undefined
13:38:39 01/22/2024	method:GET	url:/api/v1/auth/login	origin:undefined
13:43:42 01/22/2024	method:GET	url:/api/v1/auth/login	origin:undefined
13:43:44 01/22/2024	method:GET	url:/api/v1/auth/login	origin:undefined
13:44:07 01/22/2024	method:GET	url:/api/v1/auth/login	origin:undefined
14:03:14 01/22/2024	method:GET	url:/api/v1/auth/login	origin:undefined
14:03:16 01/22/2024	method:GET	url:/api/v1/auth/login	origin:undefined
14:14:56 01/22/2024	method:GET	url:/api/v1/auth/login	origin:undefined
14:16:43 01/22/2024	method:GET	url:/api/v1/auth/login	origin:undefined
16:57:40 01/22/2024	method:GET	url:/api/v1/auth/register	origin:undefined
16:58:04 01/22/2024	method:GET	url:/api/v1/auth/register	origin:undefined
16:58:36 01/22/2024	method:POST	url:/api/v1/auth/register	origin:undefined
17:00:21 01/22/2024	method:POST	url:/api/v1/auth/register	origin:undefined
17:02:13 01/22/2024	method:POST	url:/api/v1/auth/register	origin:undefined
17:02:42 01/22/2024	method:POST	url:/api/v1/auth/register	origin:undefined
17:03:38 01/22/2024	method:POST	url:/api/v1/auth/register	origin:undefined
17:03:44 01/22/2024	method:POST	url:/api/v1/auth/register	origin:undefined
17:03:50 01/22/2024	method:POST	url:/api/v1/auth/register	origin:undefined
18:06:05 01/22/2024	method:POST	url:/api/v1/auth/register	origin:undefined
18:08:56 01/22/2024	method:POST	url:/api/v1/auth/register	origin:undefined
18:10:11 01/22/2024	method:POST	url:/api/v1/auth/register	origin:undefined
18:12:16 01/22/2024	method:POST	url:/api/v1/auth/register	origin:undefined
18:13:14 01/22/2024	method:POST	url:/api/v1/auth/register	origin:undefined
18:15:00 01/22/2024	method:POST	url:/api/v1/auth/register	origin:undefined
18:16:56 01/22/2024	method:POST	url:/api/v1/auth/register	origin:undefined
18:17:07 01/22/2024	method:POST	url:/api/v1/auth/register	origin:undefined
18:17:14 01/22/2024	method:POST	url:/api/v1/auth/register	origin:undefined
18:17:22 01/22/2024	method:POST	url:/api/v1/auth/register	origin:undefined
18:19:17 01/22/2024	method:POST	url:/api/v1/auth/register	origin:undefined
18:19:18 01/22/2024	method:POST	url:/api/v1/auth/register	origin:undefined
18:20:07 01/22/2024	method:POST	url:/api/v1/auth/register	origin:undefined
18:23:02 01/22/2024	method:POST	url:/api/v1/auth/register	origin:undefined
18:23:24 01/22/2024	method:POST	url:/api/v1/auth/register	origin:undefined
18:23:31 01/22/2024	method:POST	url:/api/v1/auth/register	origin:undefined
18:23:47 01/22/2024	method:POST	url:/api/v1/auth/register	origin:undefined
18:24:00 01/22/2024	method:POST	url:/api/v1/auth/register	origin:undefined
18:24:09 01/22/2024	method:POST	url:/api/v1/auth/register	origin:undefined
18:24:44 01/22/2024	method:POST	url:/api/v1/auth/register	origin:undefined
18:24:50 01/22/2024	method:POST	url:/api/v1/auth/register	origin:undefined
18:35:39 01/22/2024	method:POST	url:/api/v1/auth/register	origin:undefined
18:35:46 01/22/2024	method:POST	url:/api/v1/auth/register	origin:undefined
18:37:41 01/22/2024	method:POST	url:/api/v1/auth/register	origin:undefined
18:41:48 01/22/2024		method:POST	url:/api/v1/auth/register	origin:undefined
21:50:03 01/22/2024		method:GET	url:/	origin:undefined
21:50:04 01/22/2024		method:GET	url:/	origin:undefined
21:50:20 01/22/2024		method:GET	url:/api/v1/auth/register	origin:undefined
21:50:40 01/22/2024		method:GET	url:/api/v1/auth/register	origin:undefined
21:51:43 01/22/2024		method:GET	url:/api/v1/auth/register	origin:undefined
21:51:55 01/22/2024		method:GET	url:/api/v1/auth/register	origin:undefined
21:51:56 01/22/2024		method:GET	url:/api/v1/auth/register	origin:undefined
21:53:21 01/22/2024		method:GET	url:/api/v1/auth/register	origin:undefined
21:53:23 01/22/2024		method:GET	url:/api/v1/auth/register	origin:undefined
21:54:18 01/22/2024		method:GET	url:/api/v1/auth/register	origin:undefined
21:54:19 01/22/2024		method:GET	url:/api/v1/auth/register	origin:undefined
21:54:19 01/22/2024		method:GET	url:/api/v1/auth/register	origin:undefined
21:54:19 01/22/2024		method:GET	url:/api/v1/auth/register	origin:undefined
21:54:19 01/22/2024		method:GET	url:/api/v1/auth/register	origin:undefined
21:54:20 01/22/2024		method:GET	url:/api/v1/auth/register	origin:undefined
21:54:20 01/22/2024		method:GET	url:/api/v1/auth/register	origin:undefined
21:54:20 01/22/2024		method:GET	url:/api/v1/auth/register	origin:undefined
21:54:20 01/22/2024		method:GET	url:/api/v1/auth/register	origin:undefined
21:54:20 01/22/2024		method:GET	url:/api/v1/auth/register	origin:undefined
21:54:20 01/22/2024		method:GET	url:/api/v1/auth/register	origin:undefined
21:54:21 01/22/2024		method:GET	url:/api/v1/auth/register	origin:undefined
21:54:21 01/22/2024		method:GET	url:/api/v1/auth/register	origin:undefined
21:54:21 01/22/2024		method:GET	url:/api/v1/auth/register	origin:undefined
21:54:21 01/22/2024		method:GET	url:/api/v1/auth/register	origin:undefined
21:54:21 01/22/2024		method:GET	url:/api/v1/auth/register	origin:undefined
21:54:21 01/22/2024		method:GET	url:/api/v1/auth/register	origin:undefined
21:54:22 01/22/2024		method:GET	url:/api/v1/auth/register	origin:undefined
21:55:47 01/22/2024		method:GET	url:/api/v1/auth/register	origin:undefined
22:00:37 01/22/2024		method:POST	url:/api/v1/auth/register	origin:undefined
22:00:38 01/22/2024		method:POST	url:/api/v1/auth/register	origin:undefined
22:01:06 01/22/2024		method:GET	url:/api/v1/auth/register	origin:undefined
22:02:30 01/22/2024		method:GET	url:/api/v1/auth/register	origin:undefined
00:09:04 01/23/2024		method:POST	url:/api/v1/auth/register	origin:undefined
00:09:09 01/23/2024		method:POST	url:/api/v1/auth/register	origin:undefined
00:45:47 01/23/2024		method:POST	url:/api/v1/auth/register	origin:undefined
00:46:22 01/23/2024		method:GET	url:/api/v1/auth/login	origin:undefined
00:46:30 01/23/2024		method:GET	url:/api/v1/auth/login	origin:undefined
00:46:53 01/23/2024		method:GET	url:/api/v1/auth/login	origin:undefined
00:47:08 01/23/2024		method:GET	url:/api/v1/auth/login	origin:undefined
00:47:13 01/23/2024		method:GET	url:/api/v1/auth/login	origin:undefined
00:49:23 01/23/2024		method:GET	url:/api/v1/auth/login	origin:undefined
00:49:45 01/23/2024		method:GET	url:/api/v1/auth/login	origin:undefined
00:50:34 01/23/2024		method:GET	url:/api/v1/auth/login	origin:undefined
00:50:36 01/23/2024		method:GET	url:/api/v1/auth/login	origin:undefined
00:51:30 01/23/2024		method:GET	url:/api/v1/auth/login	origin:undefined
00:52:32 01/23/2024		method:GET	url:/api/v1/auth/login	origin:undefined
00:52:37 01/23/2024		method:GET	url:/api/v1/auth/login	origin:undefined
00:53:38 01/23/2024		method:GET	url:/api/v1/auth/login	origin:undefined
00:54:30 01/23/2024		method:GET	url:/api/v1/auth/login	origin:undefined
00:56:17 01/23/2024		method:GET	url:/api/v1/auth/login	origin:undefined
00:56:57 01/23/2024		method:GET	url:/api/v1/auth/login	origin:undefined
00:58:19 01/23/2024		method:GET	url:/api/v1/auth/login	origin:undefined
00:58:21 01/23/2024		method:GET	url:/api/v1/auth/login	origin:undefined
00:58:22 01/23/2024		method:GET	url:/api/v1/auth/login	origin:undefined
00:58:23 01/23/2024		method:GET	url:/api/v1/auth/login	origin:undefined
00:58:24 01/23/2024		method:GET	url:/api/v1/auth/login	origin:undefined
00:58:24 01/23/2024		method:GET	url:/api/v1/auth/login	origin:undefined
00:58:25 01/23/2024		method:GET	url:/api/v1/auth/login	origin:undefined
00:58:26 01/23/2024		method:GET	url:/api/v1/auth/login	origin:undefined
00:58:26 01/23/2024		method:GET	url:/api/v1/auth/login	origin:undefined
00:58:27 01/23/2024		method:GET	url:/api/v1/auth/login	origin:undefined
00:58:27 01/23/2024		method:GET	url:/api/v1/auth/login	origin:undefined
00:58:28 01/23/2024		method:GET	url:/api/v1/auth/login	origin:undefined
00:58:28 01/23/2024		method:GET	url:/api/v1/auth/login	origin:undefined
00:58:28 01/23/2024		method:GET	url:/api/v1/auth/login	origin:undefined
00:58:29 01/23/2024		method:GET	url:/api/v1/auth/login	origin:undefined
00:58:29 01/23/2024		method:GET	url:/api/v1/auth/login	origin:undefined
00:58:30 01/23/2024		method:GET	url:/api/v1/auth/login	origin:undefined
00:58:31 01/23/2024		method:GET	url:/api/v1/auth/login	origin:undefined
00:58:31 01/23/2024		method:GET	url:/api/v1/auth/login	origin:undefined
00:58:32 01/23/2024		method:GET	url:/api/v1/auth/login	origin:undefined
00:58:32 01/23/2024		method:GET	url:/api/v1/auth/login	origin:undefined
00:58:33 01/23/2024		method:GET	url:/api/v1/auth/login	origin:undefined
00:58:33 01/23/2024		method:GET	url:/api/v1/auth/login	origin:undefined
00:58:34 01/23/2024		method:GET	url:/api/v1/auth/login	origin:undefined
00:58:34 01/23/2024		method:GET	url:/api/v1/auth/login	origin:undefined
00:58:35 01/23/2024		method:GET	url:/api/v1/auth/login	origin:undefined
00:58:35 01/23/2024		method:GET	url:/api/v1/auth/login	origin:undefined
00:58:36 01/23/2024		method:GET	url:/api/v1/auth/login	origin:undefined
00:58:36 01/23/2024		method:GET	url:/api/v1/auth/login	origin:undefined
00:58:37 01/23/2024		method:GET	url:/api/v1/auth/login	origin:undefined
00:58:37 01/23/2024		method:GET	url:/api/v1/auth/login	origin:undefined
00:58:38 01/23/2024		method:GET	url:/api/v1/auth/login	origin:undefined
00:58:38 01/23/2024		method:GET	url:/api/v1/auth/login	origin:undefined
00:58:38 01/23/2024		method:GET	url:/api/v1/auth/login	origin:undefined
00:58:39 01/23/2024		method:GET	url:/api/v1/auth/login	origin:undefined
00:58:39 01/23/2024		method:GET	url:/api/v1/auth/login	origin:undefined
00:58:40 01/23/2024		method:GET	url:/api/v1/auth/login	origin:undefined
00:58:40 01/23/2024		method:GET	url:/api/v1/auth/login	origin:undefined
00:58:41 01/23/2024		method:GET	url:/api/v1/auth/login	origin:undefined
00:58:41 01/23/2024		method:GET	url:/api/v1/auth/login	origin:undefined
01:06:08 01/23/2024		method:GET	url:/api/v1/auth/login	origin:undefined
01:06:37 01/23/2024		method:POST	url:/api/v1/auth/register	origin:undefined
13:02:08 01/23/2024		method:GET	url:/api/v1/auth/login	origin:undefined
13:02:14 01/23/2024		method:GET	url:/api/v1/auth/login	origin:undefined
13:02:15 01/23/2024		method:GET	url:/api/v1/auth/login	origin:undefined
13:02:16 01/23/2024		method:GET	url:/api/v1/auth/login	origin:undefined
13:02:17 01/23/2024		method:GET	url:/api/v1/auth/login	origin:undefined
13:02:18 01/23/2024		method:GET	url:/api/v1/auth/login	origin:undefined
13:02:18 01/23/2024		method:GET	url:/api/v1/auth/login	origin:undefined
13:02:19 01/23/2024		method:GET	url:/api/v1/auth/login	origin:undefined
13:04:02 01/23/2024		method:GET	url:/api/v1/auth/login	origin:undefined
13:04:24 01/23/2024		method:GET	url:/api/v1/auth/login	origin:undefined
13:05:14 01/23/2024		method:GET	url:/api/v1/auth/login	origin:undefined
13:05:16 01/23/2024		method:GET	url:/api/v1/auth/login	origin:undefined
13:05:25 01/23/2024		method:GET	url:/api/v1/auth/login	origin:undefined
13:10:08 01/23/2024		method:GET	url:/api/v1/auth/login	origin:undefined
13:10:45 01/23/2024		method:GET	url:/api/v1/auth/refresh	origin:undefined
13:11:42 01/23/2024		method:GET	url:/api/v1/auth/refresh	origin:undefined
13:12:06 01/23/2024		method:GET	url:/api/v1/auth/refresh	origin:undefined
13:20:06 01/23/2024		method:GET	url:/api/v1/auth/refresh	origin:undefined
13:27:11 01/23/2024		method:GET	url:/api/v1/auth/refresh	origin:undefined
13:32:05 01/23/2024		method:GET	url:/api/v1/auth/refresh	origin:undefined
13:32:43 01/23/2024		method:GET	url:/api/v1/auth/refresh	origin:undefined
13:33:00 01/23/2024		method:GET	url:/api/v1/auth/refresh	origin:undefined
13:33:01 01/23/2024		method:GET	url:/api/v1/auth/refresh	origin:undefined
13:33:02 01/23/2024		method:GET	url:/api/v1/auth/refresh	origin:undefined
13:45:00 01/23/2024		method:GET	url:/api/v1/auth/refresh	origin:undefined
13:46:35 01/23/2024		method:GET	url:/api/v1/auth/refresh	origin:undefined
14:03:32 01/23/2024		method:GET	url:/api/v1/auth/refresh	origin:undefined
14:03:38 01/23/2024		method:GET	url:/api/v1/auth/login	origin:undefined
14:03:43 01/23/2024		method:GET	url:/api/v1/auth/refresh	origin:undefined
14:05:17 01/23/2024		method:GET	url:/api/v1/auth/refresh	origin:undefined
14:19:49 01/23/2024		method:GET	url:/api/v1/auth/refresh	origin:undefined
14:20:25 01/23/2024		method:GET	url:/api/v1/auth/refresh	origin:undefined
14:21:22 01/23/2024		method:GET	url:/api/v1/auth/refresh	origin:undefined
14:24:46 01/23/2024		method:GET	url:/api/v1/auth/refresh	origin:undefined
14:24:47 01/23/2024		method:GET	url:/api/v1/auth/refresh	origin:undefined
14:24:48 01/23/2024		method:GET	url:/api/v1/auth/refresh	origin:undefined
14:24:48 01/23/2024		method:GET	url:/api/v1/auth/refresh	origin:undefined
14:24:49 01/23/2024		method:GET	url:/api/v1/auth/refresh	origin:undefined
14:24:49 01/23/2024		method:GET	url:/api/v1/auth/refresh	origin:undefined
14:24:52 01/23/2024		method:GET	url:/api/v1/auth/refresh	origin:undefined
14:24:52 01/23/2024		method:GET	url:/api/v1/auth/refresh	origin:undefined
14:24:52 01/23/2024		method:GET	url:/api/v1/auth/refresh	origin:undefined
14:24:53 01/23/2024		method:GET	url:/api/v1/auth/refresh	origin:undefined
14:34:54 01/23/2024		method:GET	url:/api/v1/auth/refresh	origin:undefined
14:35:00 01/23/2024		method:GET	url:/api/v1/auth/login	origin:undefined
14:35:03 01/23/2024		method:GET	url:/api/v1/auth/refresh	origin:undefined
14:58:27 01/23/2024		method:GET	url:/api/v1/auth/refresh	origin:undefined
15:03:28 01/23/2024		method:GET	url:/api/v1/auth/refresh	origin:undefined
15:04:05 01/23/2024		method:GET	url:/api/v1/auth/refresh	origin:undefined
15:04:29 01/23/2024		method:GET	url:/api/v1/auth/refresh	origin:undefined
15:09:30 01/23/2024		method:GET	url:/api/v1/auth/refresh	origin:undefined
15:09:31 01/23/2024		method:GET	url:/api/v1/auth/refresh	origin:undefined
15:09:32 01/23/2024		method:GET	url:/api/v1/auth/refresh	origin:undefined
15:09:33 01/23/2024		method:GET	url:/api/v1/auth/refresh	origin:undefined
15:09:34 01/23/2024		method:GET	url:/api/v1/auth/refresh	origin:undefined
15:09:34 01/23/2024		method:GET	url:/api/v1/auth/refresh	origin:undefined
15:20:36 01/23/2024		method:GET	url:/api/v1/auth/refresh	origin:undefined
23:03:49 01/23/2024		method:GET	url:/api/v1/auth/refresh	origin:undefined
23:03:52 01/23/2024		method:GET	url:/api/v1/auth/refresh	origin:undefined
23:11:46 01/23/2024		method:GET	url:/api/v1/auth/refresh	origin:undefined
23:11:49 01/23/2024		method:GET	url:/api/v1/auth/refresh	origin:undefined
23:12:00 01/23/2024		method:GET	url:/api/v1/auth/refresh	origin:undefined
23:12:53 01/23/2024		method:GET	url:/api/v1/auth/refresh	origin:undefined
23:12:59 01/23/2024		method:GET	url:/api/v1/auth/login	origin:undefined
23:13:03 01/23/2024		method:GET	url:/api/v1/auth/refresh	origin:undefined
23:13:51 01/23/2024		method:GET	url:/api/v1/auth/refresh	origin:undefined
23:13:53 01/23/2024		method:GET	url:/api/v1/auth/refresh	origin:undefined
23:18:04 01/23/2024		method:GET	url:/api/v1/auth/refresh	origin:undefined
23:21:20 01/23/2024		method:GET	url:/api/v1/auth/refresh	origin:undefined
23:22:47 01/23/2024		method:GET	url:/api/v1/auth/refresh	origin:undefined
23:23:21 01/23/2024		method:GET	url:/api/v1/auth/refresh	origin:undefined
23:23:22 01/23/2024		method:GET	url:/api/v1/auth/refresh	origin:undefined
23:23:53 01/23/2024		method:GET	url:/api/v1/auth/login	origin:undefined
23:23:56 01/23/2024		method:GET	url:/api/v1/auth/refresh	origin:undefined
23:23:57 01/23/2024		method:GET	url:/api/v1/auth/refresh	origin:undefined
23:23:58 01/23/2024		method:GET	url:/api/v1/auth/refresh	origin:undefined
23:24:19 01/23/2024		method:GET	url:/api/v1/auth/refresh	origin:undefined
23:25:04 01/23/2024		method:GET	url:/api/v1/auth/refresh	origin:undefined
23:25:29 01/23/2024		method:GET	url:/api/v1/auth/refresh	origin:undefined
23:26:19 01/23/2024		method:GET	url:/api/v1/auth/refresh	origin:undefined
23:26:39 01/23/2024		method:GET	url:/api/v1/auth/refresh	origin:undefined
23:27:28 01/23/2024		method:GET	url:/api/v1/auth/refresh	origin:undefined
23:28:15 01/23/2024		method:GET	url:/api/v1/auth/refresh	origin:undefined
23:28:23 01/23/2024		method:GET	url:/api/v1/auth/login	origin:undefined
23:28:26 01/23/2024		method:GET	url:/api/v1/auth/refresh	origin:undefined
23:28:29 01/23/2024		method:GET	url:/api/v1/auth/refresh	origin:undefined
23:28:29 01/23/2024		method:GET	url:/api/v1/auth/refresh	origin:undefined
23:33:56 01/23/2024		method:GET	url:/	origin:undefined
23:33:57 01/23/2024		method:GET	url:/	origin:undefined
23:37:28 01/23/2024		method:GET	url:/	origin:undefined
23:37:29 01/23/2024		method:GET	url:/	origin:undefined
00:31:30 01/24/2024		method:POST	url:/api/v1/note/createNote	origin:undefined
00:36:29 01/24/2024		method:POST	url:/api/v1/note/createNote	origin:undefined
00:36:40 01/24/2024		method:POST	url:/api/v1/note/createNote	origin:undefined
00:40:00 01/24/2024		method:POST	url:/api/v1/note/createNote	origin:undefined
00:41:25 01/24/2024		method:POST	url:/api/v1/note/createNote	origin:undefined
00:42:03 01/24/2024		method:POST	url:/api/v1/note/createNote	origin:undefined
00:42:11 01/24/2024		method:POST	url:/api/v1/note/createNote	origin:undefined
00:42:13 01/24/2024		method:POST	url:/api/v1/note/createNote	origin:undefined
00:42:25 01/24/2024		method:POST	url:/api/v1/note/createNote	origin:undefined
00:42:36 01/24/2024		method:POST	url:/api/v1/note/createNote	origin:undefined
00:45:42 01/24/2024		method:POST	url:/api/v1/note/createNote	origin:undefined
00:45:49 01/24/2024		method:POST	url:/api/v1/note/createNote	origin:undefined
00:52:12 01/24/2024		method:POST	url:/api/v1/note/createNote	origin:undefined
00:52:27 01/24/2024		method:POST	url:/api/v1/note/createNote	origin:undefined
00:52:34 01/24/2024		method:POST	url:/api/v1/note/createNote	origin:undefined
00:52:41 01/24/2024		method:POST	url:/api/v1/note/createNote	origin:undefined
00:52:48 01/24/2024		method:POST	url:/api/v1/note/createNote	origin:undefined
00:52:54 01/24/2024		method:POST	url:/api/v1/note/createNote	origin:undefined
00:53:07 01/24/2024		method:POST	url:/api/v1/note/createNote	origin:undefined
13:08:37 01/24/2024		method:POST	url:/api/v1/note/createNote	origin:undefined
13:15:35 01/24/2024		method:POST	url:/api/v1/note/createNote	origin:undefined
13:15:39 01/24/2024		method:POST	url:/api/v1/note/createNote	origin:undefined
13:16:06 01/24/2024		method:POST	url:/api/v1/note/createNote	origin:undefined
13:16:31 01/24/2024		method:POST	url:/api/v1/note/createNote	origin:undefined
13:48:37 01/24/2024		method:GET	url:/api/v1/auth/login	origin:undefined
13:49:43 01/24/2024		method:GET	url:/api/v1/auth/login	origin:undefined
13:51:11 01/24/2024		method:POST	url:/api/v1/note/createNote	origin:undefined
14:01:31 01/24/2024		method:POST	url:/api/v1/note/createNote	origin:undefined
14:03:06 01/24/2024		method:POST	url:/api/v1/note/createNote	origin:undefined
14:03:36 01/24/2024		method:POST	url:/api/v1/note/createNote	origin:undefined
14:05:50 01/24/2024		method:POST	url:/api/v1/note/createNote	origin:undefined
14:22:45 01/24/2024		method:POST	url:/api/v1/note/createNote	origin:undefined
14:42:27 01/24/2024		method:POST	url:/api/v1/note/createNote	origin:undefined
14:59:17 01/24/2024		method:POST	url:/api/v1/note/createNote	origin:undefined
15:00:48 01/24/2024		method:POST	url:/api/v1/note/createNote	origin:undefined
15:02:18 01/24/2024		method:POST	url:/api/v1/note/createNote	origin:undefined
15:03:37 01/24/2024		method:POST	url:/api/v1/note/createNote	origin:undefined
18:36:47 01/24/2024		method:GET	url:/api/v1/auth/login	origin:undefined
18:36:49 01/24/2024		method:GET	url:/api/v1/auth/login	origin:undefined
18:36:50 01/24/2024		method:GET	url:/api/v1/auth/login	origin:undefined
18:36:58 01/24/2024		method:GET	url:/api/v1/auth/refresh	origin:undefined
18:36:59 01/24/2024		method:GET	url:/api/v1/auth/refresh	origin:undefined
18:37:00 01/24/2024		method:GET	url:/api/v1/auth/refresh	origin:undefined
18:37:01 01/24/2024		method:GET	url:/api/v1/auth/refresh	origin:undefined
18:37:02 01/24/2024		method:GET	url:/api/v1/auth/refresh	origin:undefined
18:37:03 01/24/2024		method:GET	url:/api/v1/auth/refresh	origin:undefined
18:37:04 01/24/2024		method:GET	url:/api/v1/auth/refresh	origin:undefined
18:37:07 01/24/2024		method:GET	url:/api/v1/auth/refresh	origin:undefined
18:37:33 01/24/2024		method:GET	url:/api/v1/auth/login	origin:undefined
18:38:06 01/24/2024		method:GET	url:/api/v1/auth/login	origin:undefined
18:38:17 01/24/2024		method:POST	url:/api/v1/note/createNote	origin:undefined
18:38:45 01/24/2024		method:GET	url:/api/v1/auth/login	origin:undefined
18:39:10 01/24/2024		method:POST	url:/api/v1/note/createNote	origin:undefined
18:40:11 01/24/2024		method:POST	url:/api/v1/note/createNote	origin:undefined
18:40:18 01/24/2024		method:POST	url:/api/v1/note/createNote	origin:undefined
18:40:25 01/24/2024		method:POST	url:/api/v1/note/createNote	origin:undefined
19:03:00 01/24/2024		method:POST	url:/api/v1/note/createNote	origin:undefined
21:33:47 01/24/2024		method:POST	url:/api/v1/note/createNote	origin:undefined
21:56:03 01/24/2024		method:POST	url:/api/v1/note/createNote	origin:undefined
22:46:11 01/24/2024		method:GET	url:/api/v1/admin	origin:undefined
22:46:59 01/24/2024		method:GET	url:/api/v1/auth/login	origin:undefined
22:47:01 01/24/2024		method:GET	url:/api/v1/auth/login	origin:undefined
22:47:49 01/24/2024		method:GET	url:/api/v1/admin	origin:undefined
22:48:27 01/24/2024		method:GET	url:/api/v1/admin	origin:undefined
22:50:30 01/24/2024		method:POST	url:/api/v1/auth/register	origin:undefined
22:51:08 01/24/2024		method:POST	url:/api/v1/auth/register	origin:undefined
23:04:59 01/24/2024		method:GET	url:/api/v1/auth/login	origin:undefined
23:15:05 01/24/2024		method:GET	url:/api/v1/admin	origin:undefined
23:19:07 01/24/2024		method:GET	url:/api/v1/admin	origin:undefined
23:19:39 01/24/2024		method:GET	url:/api/v1/admin	origin:undefined
23:20:31 01/24/2024		method:GET	url:/api/v1/admin	origin:undefined
